2015-05-26 11:08:20,715 [Worker-2] INFO  o.e.m.c.i.l.LifecycleMappingFactory - Using org.eclipse.m2e.jdt.JarLifecycleMapping lifecycle mapping for MavenProject: com.yitianyigexiangfa:firstNinjaProject:firstNinjaProject @ D:\GithubRep\JavaNinja\firstNinjaProject\pom.xml.
2015-05-26 11:08:23,259 [Worker-2] WARN  o.e.m.c.i.embedder.EclipseLogger - Using platform encoding (GBK actually) to copy filtered resources, i.e. build is platform dependent!
2015-05-26 11:08:23,274 [Worker-2] INFO  o.e.m.c.i.embedder.EclipseLogger - Copying 12 resources
2015-05-26 11:08:23,306 [Worker-2] INFO  o.e.m.c.i.embedder.EclipseLogger - skip non existing resourceDirectory D:\GithubRep\JavaNinja\firstNinjaProject\src\main\resources
2015-05-26 11:08:23,306 [Worker-2] WARN  o.e.m.c.i.embedder.EclipseLogger - Using platform encoding (GBK actually) to copy filtered resources, i.e. build is platform dependent!
2015-05-26 11:08:23,306 [Worker-2] INFO  o.e.m.c.i.embedder.EclipseLogger - skip non existing resourceDirectory D:\GithubRep\JavaNinja\firstNinjaProject\src\test\resources
2015-05-26 11:08:23,508 [Worker-0] INFO  o.e.m.c.i.l.LifecycleMappingFactory - Using org.eclipse.m2e.jdt.JarLifecycleMapping lifecycle mapping for MavenProject: com.yitianyigexiangfa:firstNinjaProject:firstNinjaProject @ D:\GithubRep\JavaNinja\firstNinjaProject\pom.xml.
2015-05-26 11:08:24,429 [Worker-0] INFO  o.e.m.c.i.l.LifecycleMappingFactory - Using org.eclipse.m2e.jdt.JarLifecycleMapping lifecycle mapping for MavenProject: com.yitianyigexiangfa:firstNinjaProject:firstNinjaProject @ D:\GithubRep\JavaNinja\firstNinjaProject\pom.xml.
2015-05-26 11:08:25,521 [Worker-4] WARN  o.e.m.c.i.embedder.EclipseLogger - Using platform encoding (GBK actually) to copy filtered resources, i.e. build is platform dependent!
2015-05-26 11:08:25,521 [Worker-4] INFO  o.e.m.c.i.embedder.EclipseLogger - Copying 12 resources
2015-05-26 11:08:25,536 [Worker-4] INFO  o.e.m.c.i.embedder.EclipseLogger - skip non existing resourceDirectory D:\GithubRep\JavaNinja\firstNinjaProject\src\main\resources
2015-05-26 11:08:25,536 [Worker-4] WARN  o.e.m.c.i.embedder.EclipseLogger - Using platform encoding (GBK actually) to copy filtered resources, i.e. build is platform dependent!
2015-05-26 11:08:25,536 [Worker-4] INFO  o.e.m.c.i.embedder.EclipseLogger - skip non existing resourceDirectory D:\GithubRep\JavaNinja\firstNinjaProject\src\test\resources
2015-05-26 11:08:27,346 [Worker-0] WARN  o.e.m.c.i.embedder.EclipseLogger - Using platform encoding (GBK actually) to copy filtered resources, i.e. build is platform dependent!
2015-05-26 11:08:27,346 [Worker-0] INFO  o.e.m.c.i.embedder.EclipseLogger - Copying 0 resource
2015-05-26 11:08:27,346 [Worker-0] INFO  o.e.m.c.i.embedder.EclipseLogger - skip non existing resourceDirectory D:\GithubRep\JavaNinja\firstNinjaProject\src\main\resources
2015-05-26 11:08:27,346 [Worker-0] WARN  o.e.m.c.i.embedder.EclipseLogger - Using platform encoding (GBK actually) to copy filtered resources, i.e. build is platform dependent!
2015-05-26 11:08:27,346 [Worker-0] INFO  o.e.m.c.i.embedder.EclipseLogger - skip non existing resourceDirectory D:\GithubRep\JavaNinja\firstNinjaProject\src\test\resources
2015-05-26 11:10:52,964 [main] INFO  o.e.m2e.actions.ExecutePomAction - Creating new launch configuration
2015-05-26 11:11:08,303 [Worker-5] INFO  o.e.m.i.launch.MavenLaunchDelegate - D:\GithubRep\JavaNinja\firstNinjaProject
2015-05-26 11:11:08,303 [Worker-5] INFO  o.e.m.i.launch.MavenLaunchDelegate -  mvn -PNinjaRun  -B ninja run
2015-05-26 11:11:17,639 [main] INFO  o.e.m2e.actions.ExecutePomAction - Using existing launch configuration
2015-05-26 11:11:17,717 [Worker-3] INFO  o.e.m.i.launch.MavenLaunchDelegate - D:\GithubRep\JavaNinja\firstNinjaProject
2015-05-26 11:11:17,717 [Worker-3] INFO  o.e.m.i.launch.MavenLaunchDelegate -  mvn -PNinjaRun  -B ninja run
2015-05-26 11:11:27,007 [main] INFO  o.e.m2e.actions.ExecutePomAction - Creating new launch configuration
2015-05-26 11:11:37,808 [Worker-6] INFO  o.e.m.i.launch.MavenLaunchDelegate - D:\GithubRep\JavaNinja\firstNinjaProject
2015-05-26 11:11:37,808 [Worker-6] INFO  o.e.m.i.launch.MavenLaunchDelegate -  mvn -PNinjaRun  -B ninja:run
2015-05-26 11:18:55,407 [Worker-12] WARN  o.e.m.c.i.embedder.EclipseLogger - Using platform encoding (GBK actually) to copy filtered resources, i.e. build is platform dependent!
2015-05-26 11:18:55,408 [Worker-12] INFO  o.e.m.c.i.embedder.EclipseLogger - Copying 0 resource
2015-05-26 11:18:55,408 [Worker-12] INFO  o.e.m.c.i.embedder.EclipseLogger - skip non existing resourceDirectory D:\GithubRep\JavaNinja\firstNinjaProject\src\main\resources
2015-05-26 11:18:55,409 [Worker-12] WARN  o.e.m.c.i.embedder.EclipseLogger - Using platform encoding (GBK actually) to copy filtered resources, i.e. build is platform dependent!
2015-05-26 11:18:55,410 [Worker-12] INFO  o.e.m.c.i.embedder.EclipseLogger - skip non existing resourceDirectory D:\GithubRep\JavaNinja\firstNinjaProject\src\test\resources
2015-05-26 11:20:35,444 [Worker-2] WARN  o.e.m.c.i.embedder.EclipseLogger - Using platform encoding (GBK actually) to copy filtered resources, i.e. build is platform dependent!
2015-05-26 11:20:35,444 [Worker-2] INFO  o.e.m.c.i.embedder.EclipseLogger - Copying 12 resources
2015-05-26 11:20:35,444 [Worker-2] INFO  o.e.m.c.i.embedder.EclipseLogger - skip non existing resourceDirectory D:\GithubRep\JavaNinja\firstNinjaProject\src\main\resources
2015-05-26 11:20:35,444 [Worker-2] WARN  o.e.m.c.i.embedder.EclipseLogger - Using platform encoding (GBK actually) to copy filtered resources, i.e. build is platform dependent!
2015-05-26 11:20:35,444 [Worker-2] INFO  o.e.m.c.i.embedder.EclipseLogger - skip non existing resourceDirectory D:\GithubRep\JavaNinja\firstNinjaProject\src\test\resources
2015-05-26 11:20:36,464 [Worker-1] WARN  o.e.m.c.i.embedder.EclipseLogger - Using platform encoding (GBK actually) to copy filtered resources, i.e. build is platform dependent!
2015-05-26 11:20:36,464 [Worker-1] INFO  o.e.m.c.i.embedder.EclipseLogger - Copying 12 resources
2015-05-26 11:20:36,464 [Worker-1] INFO  o.e.m.c.i.embedder.EclipseLogger - skip non existing resourceDirectory D:\GithubRep\JavaNinja\firstNinjaProject\src\main\resources
2015-05-26 11:20:36,464 [Worker-1] WARN  o.e.m.c.i.embedder.EclipseLogger - Using platform encoding (GBK actually) to copy filtered resources, i.e. build is platform dependent!
2015-05-26 11:20:36,464 [Worker-1] INFO  o.e.m.c.i.embedder.EclipseLogger - skip non existing resourceDirectory D:\GithubRep\JavaNinja\firstNinjaProject\src\test\resources
2015-05-26 11:20:42,396 [Worker-12] WARN  o.e.m.c.i.embedder.EclipseLogger - Using platform encoding (GBK actually) to copy filtered resources, i.e. build is platform dependent!
2015-05-26 11:20:42,396 [Worker-12] INFO  o.e.m.c.i.embedder.EclipseLogger - Copying 12 resources
2015-05-26 11:20:42,412 [Worker-12] INFO  o.e.m.c.i.embedder.EclipseLogger - skip non existing resourceDirectory D:\GithubRep\JavaNinja\firstNinjaProject\src\main\resources
2015-05-26 11:20:42,412 [Worker-12] WARN  o.e.m.c.i.embedder.EclipseLogger - Using platform encoding (GBK actually) to copy filtered resources, i.e. build is platform dependent!
2015-05-26 11:20:42,412 [Worker-12] INFO  o.e.m.c.i.embedder.EclipseLogger - skip non existing resourceDirectory D:\GithubRep\JavaNinja\firstNinjaProject\src\test\resources
2015-05-26 11:21:48,301 [Worker-11] WARN  o.e.m.c.i.embedder.EclipseLogger - Using platform encoding (GBK actually) to copy filtered resources, i.e. build is platform dependent!
2015-05-26 11:21:48,317 [Worker-11] INFO  o.e.m.c.i.embedder.EclipseLogger - Copying 12 resources
2015-05-26 11:21:48,317 [Worker-11] INFO  o.e.m.c.i.embedder.EclipseLogger - skip non existing resourceDirectory D:\GithubRep\JavaNinja\firstNinjaProject\src\main\resources
2015-05-26 11:21:48,317 [Worker-11] WARN  o.e.m.c.i.embedder.EclipseLogger - Using platform encoding (GBK actually) to copy filtered resources, i.e. build is platform dependent!
2015-05-26 11:21:48,317 [Worker-11] INFO  o.e.m.c.i.embedder.EclipseLogger - skip non existing resourceDirectory D:\GithubRep\JavaNinja\firstNinjaProject\src\test\resources
2015-05-26 11:22:34,541 [Worker-11] WARN  o.e.m.c.i.embedder.EclipseLogger - Using platform encoding (GBK actually) to copy filtered resources, i.e. build is platform dependent!
2015-05-26 11:22:34,556 [Worker-11] INFO  o.e.m.c.i.embedder.EclipseLogger - Copying 12 resources
2015-05-26 11:22:34,556 [Worker-11] INFO  o.e.m.c.i.embedder.EclipseLogger - skip non existing resourceDirectory D:\GithubRep\JavaNinja\firstNinjaProject\src\main\resources
2015-05-26 11:22:34,556 [Worker-11] WARN  o.e.m.c.i.embedder.EclipseLogger - Using platform encoding (GBK actually) to copy filtered resources, i.e. build is platform dependent!
2015-05-26 11:22:34,556 [Worker-11] INFO  o.e.m.c.i.embedder.EclipseLogger - skip non existing resourceDirectory D:\GithubRep\JavaNinja\firstNinjaProject\src\test\resources
2015-05-26 11:23:31,986 [Worker-14] WARN  o.e.m.c.i.embedder.EclipseLogger - Using platform encoding (GBK actually) to copy filtered resources, i.e. build is platform dependent!
2015-05-26 11:23:31,986 [Worker-14] INFO  o.e.m.c.i.embedder.EclipseLogger - Copying 12 resources
2015-05-26 11:23:31,986 [Worker-14] INFO  o.e.m.c.i.embedder.EclipseLogger - skip non existing resourceDirectory D:\GithubRep\JavaNinja\firstNinjaProject\src\main\resources
2015-05-26 11:23:32,002 [Worker-14] WARN  o.e.m.c.i.embedder.EclipseLogger - Using platform encoding (GBK actually) to copy filtered resources, i.e. build is platform dependent!
2015-05-26 11:23:32,003 [Worker-14] INFO  o.e.m.c.i.embedder.EclipseLogger - skip non existing resourceDirectory D:\GithubRep\JavaNinja\firstNinjaProject\src\test\resources
2015-05-26 11:23:40,621 [Worker-13] WARN  o.e.m.c.i.embedder.EclipseLogger - Using platform encoding (GBK actually) to copy filtered resources, i.e. build is platform dependent!
2015-05-26 11:23:40,636 [Worker-13] INFO  o.e.m.c.i.embedder.EclipseLogger - Copying 12 resources
2015-05-26 11:23:40,636 [Worker-13] INFO  o.e.m.c.i.embedder.EclipseLogger - skip non existing resourceDirectory D:\GithubRep\JavaNinja\firstNinjaProject\src\main\resources
2015-05-26 11:23:40,636 [Worker-13] WARN  o.e.m.c.i.embedder.EclipseLogger - Using platform encoding (GBK actually) to copy filtered resources, i.e. build is platform dependent!
2015-05-26 11:23:40,636 [Worker-13] INFO  o.e.m.c.i.embedder.EclipseLogger - skip non existing resourceDirectory D:\GithubRep\JavaNinja\firstNinjaProject\src\test\resources
2015-05-26 11:23:53,534 [Worker-4] WARN  o.e.m.c.i.embedder.EclipseLogger - Using platform encoding (GBK actually) to copy filtered resources, i.e. build is platform dependent!
2015-05-26 11:23:53,534 [Worker-4] INFO  o.e.m.c.i.embedder.EclipseLogger - Copying 12 resources
2015-05-26 11:23:53,534 [Worker-4] INFO  o.e.m.c.i.embedder.EclipseLogger - skip non existing resourceDirectory D:\GithubRep\JavaNinja\firstNinjaProject\src\main\resources
2015-05-26 11:23:53,534 [Worker-4] WARN  o.e.m.c.i.embedder.EclipseLogger - Using platform encoding (GBK actually) to copy filtered resources, i.e. build is platform dependent!
2015-05-26 11:23:53,534 [Worker-4] INFO  o.e.m.c.i.embedder.EclipseLogger - skip non existing resourceDirectory D:\GithubRep\JavaNinja\firstNinjaProject\src\test\resources
2015-05-26 11:23:54,581 [Worker-11] WARN  o.e.m.c.i.embedder.EclipseLogger - Using platform encoding (GBK actually) to copy filtered resources, i.e. build is platform dependent!
2015-05-26 11:23:54,581 [Worker-11] INFO  o.e.m.c.i.embedder.EclipseLogger - Copying 12 resources
2015-05-26 11:23:54,581 [Worker-11] INFO  o.e.m.c.i.embedder.EclipseLogger - skip non existing resourceDirectory D:\GithubRep\JavaNinja\firstNinjaProject\src\main\resources
2015-05-26 11:23:54,581 [Worker-11] WARN  o.e.m.c.i.embedder.EclipseLogger - Using platform encoding (GBK actually) to copy filtered resources, i.e. build is platform dependent!
2015-05-26 11:23:54,581 [Worker-11] INFO  o.e.m.c.i.embedder.EclipseLogger - skip non existing resourceDirectory D:\GithubRep\JavaNinja\firstNinjaProject\src\test\resources
2015-05-26 11:24:14,401 [Worker-13] WARN  o.e.m.c.i.embedder.EclipseLogger - Using platform encoding (GBK actually) to copy filtered resources, i.e. build is platform dependent!
2015-05-26 11:24:14,401 [Worker-13] INFO  o.e.m.c.i.embedder.EclipseLogger - Copying 1 resource
2015-05-26 11:24:14,401 [Worker-13] INFO  o.e.m.c.i.embedder.EclipseLogger - skip non existing resourceDirectory D:\GithubRep\JavaNinja\firstNinjaProject\src\main\resources
2015-05-26 11:24:14,417 [Worker-13] WARN  o.e.m.c.i.embedder.EclipseLogger - Using platform encoding (GBK actually) to copy filtered resources, i.e. build is platform dependent!
2015-05-26 11:24:14,417 [Worker-13] INFO  o.e.m.c.i.embedder.EclipseLogger - skip non existing resourceDirectory D:\GithubRep\JavaNinja\firstNinjaProject\src\test\resources
2015-05-26 11:24:15,418 [Worker-0] WARN  o.e.m.c.i.embedder.EclipseLogger - Using platform encoding (GBK actually) to copy filtered resources, i.e. build is platform dependent!
2015-05-26 11:24:15,418 [Worker-0] INFO  o.e.m.c.i.embedder.EclipseLogger - Copying 12 resources
2015-05-26 11:24:15,418 [Worker-0] INFO  o.e.m.c.i.embedder.EclipseLogger - skip non existing resourceDirectory D:\GithubRep\JavaNinja\firstNinjaProject\src\main\resources
2015-05-26 11:24:15,418 [Worker-0] WARN  o.e.m.c.i.embedder.EclipseLogger - Using platform encoding (GBK actually) to copy filtered resources, i.e. build is platform dependent!
2015-05-26 11:24:15,418 [Worker-0] INFO  o.e.m.c.i.embedder.EclipseLogger - skip non existing resourceDirectory D:\GithubRep\JavaNinja\firstNinjaProject\src\test\resources
2015-05-26 11:53:45,540 [Worker-4] WARN  o.e.m.c.i.embedder.EclipseLogger - Using platform encoding (GBK actually) to copy filtered resources, i.e. build is platform dependent!
2015-05-26 11:53:45,540 [Worker-4] INFO  o.e.m.c.i.embedder.EclipseLogger - Copying 1 resource
2015-05-26 11:53:45,540 [Worker-4] INFO  o.e.m.c.i.embedder.EclipseLogger - skip non existing resourceDirectory D:\GithubRep\JavaNinja\firstNinjaProject\src\main\resources
2015-05-26 11:53:45,540 [Worker-4] WARN  o.e.m.c.i.embedder.EclipseLogger - Using platform encoding (GBK actually) to copy filtered resources, i.e. build is platform dependent!
2015-05-26 11:53:45,540 [Worker-4] INFO  o.e.m.c.i.embedder.EclipseLogger - skip non existing resourceDirectory D:\GithubRep\JavaNinja\firstNinjaProject\src\test\resources
2015-05-27 17:25:36,970 [Worker-6] WARN  o.e.m.c.i.embedder.EclipseLogger - Using platform encoding (GBK actually) to copy filtered resources, i.e. build is platform dependent!
2015-05-27 17:25:37,019 [Worker-6] INFO  o.e.m.c.i.embedder.EclipseLogger - Copying 12 resources
2015-05-27 17:25:37,033 [Worker-6] INFO  o.e.m.c.i.embedder.EclipseLogger - skip non existing resourceDirectory D:\GithubRep\JavaNinja\firstNinjaProject\src\main\resources
2015-05-27 17:25:37,037 [Worker-6] WARN  o.e.m.c.i.embedder.EclipseLogger - Using platform encoding (GBK actually) to copy filtered resources, i.e. build is platform dependent!
2015-05-27 17:25:37,038 [Worker-6] INFO  o.e.m.c.i.embedder.EclipseLogger - skip non existing resourceDirectory D:\GithubRep\JavaNinja\firstNinjaProject\src\test\resources
2015-05-27 17:27:12,566 [Worker-4] WARN  o.e.m.c.i.embedder.EclipseLogger - Using platform encoding (GBK actually) to copy filtered resources, i.e. build is platform dependent!
2015-05-27 17:27:12,570 [Worker-4] INFO  o.e.m.c.i.embedder.EclipseLogger - Copying 1 resource
2015-05-27 17:27:12,573 [Worker-4] INFO  o.e.m.c.i.embedder.EclipseLogger - skip non existing resourceDirectory D:\GithubRep\JavaNinja\firstNinjaProject\src\main\resources
2015-05-27 17:27:12,575 [Worker-4] WARN  o.e.m.c.i.embedder.EclipseLogger - Using platform encoding (GBK actually) to copy filtered resources, i.e. build is platform dependent!
2015-05-27 17:27:12,575 [Worker-4] INFO  o.e.m.c.i.embedder.EclipseLogger - skip non existing resourceDirectory D:\GithubRep\JavaNinja\firstNinjaProject\src\test\resources
2015-05-27 17:27:13,649 [Worker-0] WARN  o.e.m.c.i.embedder.EclipseLogger - Using platform encoding (GBK actually) to copy filtered resources, i.e. build is platform dependent!
2015-05-27 17:27:13,651 [Worker-0] INFO  o.e.m.c.i.embedder.EclipseLogger - Copying 12 resources
2015-05-27 17:27:13,653 [Worker-0] INFO  o.e.m.c.i.embedder.EclipseLogger - skip non existing resourceDirectory D:\GithubRep\JavaNinja\firstNinjaProject\src\main\resources
2015-05-27 17:27:13,655 [Worker-0] WARN  o.e.m.c.i.embedder.EclipseLogger - Using platform encoding (GBK actually) to copy filtered resources, i.e. build is platform dependent!
2015-05-27 17:27:13,655 [Worker-0] INFO  o.e.m.c.i.embedder.EclipseLogger - skip non existing resourceDirectory D:\GithubRep\JavaNinja\firstNinjaProject\src\test\resources
2015-05-27 17:59:12,024 [Worker-13] WARN  o.e.m.c.i.embedder.EclipseLogger - Using platform encoding (GBK actually) to copy filtered resources, i.e. build is platform dependent!
2015-05-27 17:59:12,028 [Worker-13] INFO  o.e.m.c.i.embedder.EclipseLogger - Copying 12 resources
2015-05-27 17:59:12,031 [Worker-13] INFO  o.e.m.c.i.embedder.EclipseLogger - skip non existing resourceDirectory D:\GithubRep\JavaNinja\firstNinjaProject\src\main\resources
2015-05-27 17:59:12,032 [Worker-13] WARN  o.e.m.c.i.embedder.EclipseLogger - Using platform encoding (GBK actually) to copy filtered resources, i.e. build is platform dependent!
2015-05-27 17:59:12,033 [Worker-13] INFO  o.e.m.c.i.embedder.EclipseLogger - skip non existing resourceDirectory D:\GithubRep\JavaNinja\firstNinjaProject\src\test\resources
2015-05-27 17:59:13,131 [Worker-11] WARN  o.e.m.c.i.embedder.EclipseLogger - Using platform encoding (GBK actually) to copy filtered resources, i.e. build is platform dependent!
2015-05-27 17:59:13,132 [Worker-11] INFO  o.e.m.c.i.embedder.EclipseLogger - Copying 0 resource
2015-05-27 17:59:13,132 [Worker-11] INFO  o.e.m.c.i.embedder.EclipseLogger - skip non existing resourceDirectory D:\GithubRep\JavaNinja\firstNinjaProject\src\main\resources
2015-05-27 17:59:13,134 [Worker-11] WARN  o.e.m.c.i.embedder.EclipseLogger - Using platform encoding (GBK actually) to copy filtered resources, i.e. build is platform dependent!
2015-05-27 17:59:13,135 [Worker-11] INFO  o.e.m.c.i.embedder.EclipseLogger - skip non existing resourceDirectory D:\GithubRep\JavaNinja\firstNinjaProject\src\test\resources
2015-06-09 11:50:34,859 [Worker-2] WARN  o.e.m.c.i.embedder.EclipseLogger - Using platform encoding (GBK actually) to copy filtered resources, i.e. build is platform dependent!
2015-06-09 11:50:34,927 [Worker-2] INFO  o.e.m.c.i.embedder.EclipseLogger - Copying 12 resources
2015-06-09 11:50:35,023 [Worker-2] INFO  o.e.m.c.i.embedder.EclipseLogger - skip non existing resourceDirectory D:\GithubRep\JavaNinja\firstNinjaProject\src\main\resources
2015-06-09 11:50:35,028 [Worker-2] WARN  o.e.m.c.i.embedder.EclipseLogger - Using platform encoding (GBK actually) to copy filtered resources, i.e. build is platform dependent!
2015-06-09 11:50:35,030 [Worker-2] INFO  o.e.m.c.i.embedder.EclipseLogger - skip non existing resourceDirectory D:\GithubRep\JavaNinja\firstNinjaProject\src\test\resources
2015-06-09 11:50:36,113 [Worker-7] WARN  o.e.m.c.i.embedder.EclipseLogger - Using platform encoding (GBK actually) to copy filtered resources, i.e. build is platform dependent!
2015-06-09 11:50:36,116 [Worker-7] INFO  o.e.m.c.i.embedder.EclipseLogger - Copying 0 resource
2015-06-09 11:50:36,116 [Worker-7] INFO  o.e.m.c.i.embedder.EclipseLogger - skip non existing resourceDirectory D:\GithubRep\JavaNinja\firstNinjaProject\src\main\resources
2015-06-09 11:50:36,117 [Worker-7] WARN  o.e.m.c.i.embedder.EclipseLogger - Using platform encoding (GBK actually) to copy filtered resources, i.e. build is platform dependent!
2015-06-09 11:50:36,117 [Worker-7] INFO  o.e.m.c.i.embedder.EclipseLogger - skip non existing resourceDirectory D:\GithubRep\JavaNinja\firstNinjaProject\src\test\resources
2015-06-09 11:50:37,385 [Worker-7] WARN  o.e.m.c.i.embedder.EclipseLogger - Using platform encoding (GBK actually) to copy filtered resources, i.e. build is platform dependent!
2015-06-09 11:50:37,388 [Worker-7] INFO  o.e.m.c.i.embedder.EclipseLogger - Copying 12 resources
2015-06-09 11:50:37,390 [Worker-7] INFO  o.e.m.c.i.embedder.EclipseLogger - skip non existing resourceDirectory D:\GithubRep\JavaNinja\firstNinjaProject\src\main\resources
2015-06-09 11:50:37,392 [Worker-7] WARN  o.e.m.c.i.embedder.EclipseLogger - Using platform encoding (GBK actually) to copy filtered resources, i.e. build is platform dependent!
2015-06-09 11:50:37,392 [Worker-7] INFO  o.e.m.c.i.embedder.EclipseLogger - skip non existing resourceDirectory D:\GithubRep\JavaNinja\firstNinjaProject\src\test\resources
2015-06-09 11:50:38,484 [Worker-7] WARN  o.e.m.c.i.embedder.EclipseLogger - Using platform encoding (GBK actually) to copy filtered resources, i.e. build is platform dependent!
2015-06-09 11:50:38,486 [Worker-7] INFO  o.e.m.c.i.embedder.EclipseLogger - Copying 0 resource
2015-06-09 11:50:38,486 [Worker-7] INFO  o.e.m.c.i.embedder.EclipseLogger - skip non existing resourceDirectory D:\GithubRep\JavaNinja\firstNinjaProject\src\main\resources
2015-06-09 11:50:38,489 [Worker-7] WARN  o.e.m.c.i.embedder.EclipseLogger - Using platform encoding (GBK actually) to copy filtered resources, i.e. build is platform dependent!
2015-06-09 11:50:38,490 [Worker-7] INFO  o.e.m.c.i.embedder.EclipseLogger - skip non existing resourceDirectory D:\GithubRep\JavaNinja\firstNinjaProject\src\test\resources
2015-06-09 11:51:48,994 [Worker-5] WARN  o.e.m.c.i.embedder.EclipseLogger - Using platform encoding (GBK actually) to copy filtered resources, i.e. build is platform dependent!
2015-06-09 11:51:49,012 [Worker-5] INFO  o.e.m.c.i.embedder.EclipseLogger - Copying 1 resource
2015-06-09 11:51:49,013 [Worker-5] INFO  o.e.m.c.i.embedder.EclipseLogger - skip non existing resourceDirectory D:\GithubRep\JavaNinja\firstNinjaProject\src\main\resources
2015-06-09 11:51:49,014 [Worker-5] WARN  o.e.m.c.i.embedder.EclipseLogger - Using platform encoding (GBK actually) to copy filtered resources, i.e. build is platform dependent!
2015-06-09 11:51:49,015 [Worker-5] INFO  o.e.m.c.i.embedder.EclipseLogger - skip non existing resourceDirectory D:\GithubRep\JavaNinja\firstNinjaProject\src\test\resources
2015-06-09 11:51:50,351 [Worker-8] WARN  o.e.m.c.i.embedder.EclipseLogger - Using platform encoding (GBK actually) to copy filtered resources, i.e. build is platform dependent!
2015-06-09 11:51:50,353 [Worker-8] INFO  o.e.m.c.i.embedder.EclipseLogger - Copying 14 resources
2015-06-09 11:51:50,357 [Worker-8] INFO  o.e.m.c.i.embedder.EclipseLogger - skip non existing resourceDirectory D:\GithubRep\JavaNinja\firstNinjaProject\src\main\resources
2015-06-09 11:51:50,359 [Worker-8] WARN  o.e.m.c.i.embedder.EclipseLogger - Using platform encoding (GBK actually) to copy filtered resources, i.e. build is platform dependent!
2015-06-09 11:51:50,359 [Worker-8] INFO  o.e.m.c.i.embedder.EclipseLogger - skip non existing resourceDirectory D:\GithubRep\JavaNinja\firstNinjaProject\src\test\resources
2015-06-09 11:51:57,517 [Worker-7] WARN  o.e.m.c.i.embedder.EclipseLogger - Using platform encoding (GBK actually) to copy filtered resources, i.e. build is platform dependent!
2015-06-09 11:51:57,518 [Worker-7] INFO  o.e.m.c.i.embedder.EclipseLogger - Copying 2 resources
2015-06-09 11:51:57,518 [Worker-7] INFO  o.e.m.c.i.embedder.EclipseLogger - skip non existing resourceDirectory D:\GithubRep\JavaNinja\firstNinjaProject\src\main\resources
2015-06-09 11:51:57,519 [Worker-7] WARN  o.e.m.c.i.embedder.EclipseLogger - Using platform encoding (GBK actually) to copy filtered resources, i.e. build is platform dependent!
2015-06-09 11:51:57,520 [Worker-7] INFO  o.e.m.c.i.embedder.EclipseLogger - skip non existing resourceDirectory D:\GithubRep\JavaNinja\firstNinjaProject\src\test\resources
2015-06-09 11:51:58,726 [Worker-2] WARN  o.e.m.c.i.embedder.EclipseLogger - Using platform encoding (GBK actually) to copy filtered resources, i.e. build is platform dependent!
2015-06-09 11:51:58,728 [Worker-2] INFO  o.e.m.c.i.embedder.EclipseLogger - Copying 14 resources
2015-06-09 11:51:58,730 [Worker-2] INFO  o.e.m.c.i.embedder.EclipseLogger - skip non existing resourceDirectory D:\GithubRep\JavaNinja\firstNinjaProject\src\main\resources
2015-06-09 11:51:58,732 [Worker-2] WARN  o.e.m.c.i.embedder.EclipseLogger - Using platform encoding (GBK actually) to copy filtered resources, i.e. build is platform dependent!
2015-06-09 11:51:58,733 [Worker-2] INFO  o.e.m.c.i.embedder.EclipseLogger - skip non existing resourceDirectory D:\GithubRep\JavaNinja\firstNinjaProject\src\test\resources
2015-06-09 11:51:59,831 [Worker-7] WARN  o.e.m.c.i.embedder.EclipseLogger - Using platform encoding (GBK actually) to copy filtered resources, i.e. build is platform dependent!
2015-06-09 11:51:59,833 [Worker-7] INFO  o.e.m.c.i.embedder.EclipseLogger - Copying 0 resource
2015-06-09 11:51:59,834 [Worker-7] INFO  o.e.m.c.i.embedder.EclipseLogger - skip non existing resourceDirectory D:\GithubRep\JavaNinja\firstNinjaProject\src\main\resources
2015-06-09 11:51:59,838 [Worker-7] WARN  o.e.m.c.i.embedder.EclipseLogger - Using platform encoding (GBK actually) to copy filtered resources, i.e. build is platform dependent!
2015-06-09 11:51:59,840 [Worker-7] INFO  o.e.m.c.i.embedder.EclipseLogger - skip non existing resourceDirectory D:\GithubRep\JavaNinja\firstNinjaProject\src\test\resources
2015-06-09 11:54:02,968 [Worker-7] WARN  o.e.m.c.i.embedder.EclipseLogger - Using platform encoding (GBK actually) to copy filtered resources, i.e. build is platform dependent!
2015-06-09 11:54:02,970 [Worker-7] INFO  o.e.m.c.i.embedder.EclipseLogger - Copying 14 resources
2015-06-09 11:54:02,972 [Worker-7] INFO  o.e.m.c.i.embedder.EclipseLogger - skip non existing resourceDirectory D:\GithubRep\JavaNinja\firstNinjaProject\src\main\resources
2015-06-09 11:54:02,973 [Worker-7] WARN  o.e.m.c.i.embedder.EclipseLogger - Using platform encoding (GBK actually) to copy filtered resources, i.e. build is platform dependent!
2015-06-09 11:54:02,973 [Worker-7] INFO  o.e.m.c.i.embedder.EclipseLogger - skip non existing resourceDirectory D:\GithubRep\JavaNinja\firstNinjaProject\src\test\resources
2015-06-09 11:54:32,687 [Worker-7] INFO  o.e.m.i.launch.MavenLaunchDelegate - D:\GithubRep\JavaNinja\firstNinjaProject
2015-06-09 11:54:32,695 [Worker-7] INFO  o.e.m.i.launch.MavenLaunchDelegate -  mvn -PNinjaRun  -B ninja:run
2015-06-09 11:55:31,838 [Worker-8] WARN  o.e.m.c.i.embedder.EclipseLogger - Using platform encoding (GBK actually) to copy filtered resources, i.e. build is platform dependent!
2015-06-09 11:55:31,840 [Worker-8] INFO  o.e.m.c.i.embedder.EclipseLogger - Copying 1 resource
2015-06-09 11:55:31,842 [Worker-8] INFO  o.e.m.c.i.embedder.EclipseLogger - skip non existing resourceDirectory D:\GithubRep\JavaNinja\firstNinjaProject\src\main\resources
2015-06-09 11:55:31,844 [Worker-8] WARN  o.e.m.c.i.embedder.EclipseLogger - Using platform encoding (GBK actually) to copy filtered resources, i.e. build is platform dependent!
2015-06-09 11:55:31,846 [Worker-8] INFO  o.e.m.c.i.embedder.EclipseLogger - skip non existing resourceDirectory D:\GithubRep\JavaNinja\firstNinjaProject\src\test\resources
2015-06-09 11:56:02,899 [Worker-2] WARN  o.e.m.c.i.embedder.EclipseLogger - Using platform encoding (GBK actually) to copy filtered resources, i.e. build is platform dependent!
2015-06-09 11:56:02,901 [Worker-2] INFO  o.e.m.c.i.embedder.EclipseLogger - Copying 1 resource
2015-06-09 11:56:02,904 [Worker-2] INFO  o.e.m.c.i.embedder.EclipseLogger - skip non existing resourceDirectory D:\GithubRep\JavaNinja\firstNinjaProject\src\main\resources
2015-06-09 11:56:02,907 [Worker-2] WARN  o.e.m.c.i.embedder.EclipseLogger - Using platform encoding (GBK actually) to copy filtered resources, i.e. build is platform dependent!
2015-06-09 11:56:02,908 [Worker-2] INFO  o.e.m.c.i.embedder.EclipseLogger - skip non existing resourceDirectory D:\GithubRep\JavaNinja\firstNinjaProject\src\test\resources
2015-06-09 11:56:28,457 [Worker-9] WARN  o.e.m.c.i.embedder.EclipseLogger - Using platform encoding (GBK actually) to copy filtered resources, i.e. build is platform dependent!
2015-06-09 11:56:28,458 [Worker-9] INFO  o.e.m.c.i.embedder.EclipseLogger - Copying 1 resource
2015-06-09 11:56:28,460 [Worker-9] INFO  o.e.m.c.i.embedder.EclipseLogger - skip non existing resourceDirectory D:\GithubRep\JavaNinja\firstNinjaProject\src\main\resources
2015-06-09 11:56:28,461 [Worker-9] WARN  o.e.m.c.i.embedder.EclipseLogger - Using platform encoding (GBK actually) to copy filtered resources, i.e. build is platform dependent!
2015-06-09 11:56:28,462 [Worker-9] INFO  o.e.m.c.i.embedder.EclipseLogger - skip non existing resourceDirectory D:\GithubRep\JavaNinja\firstNinjaProject\src\test\resources
2015-06-09 11:56:57,108 [Worker-5] WARN  o.e.m.c.i.embedder.EclipseLogger - Using platform encoding (GBK actually) to copy filtered resources, i.e. build is platform dependent!
2015-06-09 11:56:57,111 [Worker-5] INFO  o.e.m.c.i.embedder.EclipseLogger - Copying 1 resource
2015-06-09 11:56:57,114 [Worker-5] INFO  o.e.m.c.i.embedder.EclipseLogger - skip non existing resourceDirectory D:\GithubRep\JavaNinja\firstNinjaProject\src\main\resources
2015-06-09 11:56:57,117 [Worker-5] WARN  o.e.m.c.i.embedder.EclipseLogger - Using platform encoding (GBK actually) to copy filtered resources, i.e. build is platform dependent!
2015-06-09 11:56:57,118 [Worker-5] INFO  o.e.m.c.i.embedder.EclipseLogger - skip non existing resourceDirectory D:\GithubRep\JavaNinja\firstNinjaProject\src\test\resources
2015-06-09 11:56:59,755 [Worker-0] WARN  o.e.m.c.i.embedder.EclipseLogger - Using platform encoding (GBK actually) to copy filtered resources, i.e. build is platform dependent!
2015-06-09 11:56:59,758 [Worker-0] INFO  o.e.m.c.i.embedder.EclipseLogger - Copying 1 resource
2015-06-09 11:56:59,762 [Worker-0] INFO  o.e.m.c.i.embedder.EclipseLogger - skip non existing resourceDirectory D:\GithubRep\JavaNinja\firstNinjaProject\src\main\resources
2015-06-09 11:56:59,764 [Worker-0] WARN  o.e.m.c.i.embedder.EclipseLogger - Using platform encoding (GBK actually) to copy filtered resources, i.e. build is platform dependent!
2015-06-09 11:56:59,765 [Worker-0] INFO  o.e.m.c.i.embedder.EclipseLogger - skip non existing resourceDirectory D:\GithubRep\JavaNinja\firstNinjaProject\src\test\resources
2015-06-09 11:57:23,858 [Worker-3] WARN  o.e.m.c.i.embedder.EclipseLogger - Using platform encoding (GBK actually) to copy filtered resources, i.e. build is platform dependent!
2015-06-09 11:57:23,860 [Worker-3] INFO  o.e.m.c.i.embedder.EclipseLogger - Copying 1 resource
2015-06-09 11:57:23,862 [Worker-3] INFO  o.e.m.c.i.embedder.EclipseLogger - skip non existing resourceDirectory D:\GithubRep\JavaNinja\firstNinjaProject\src\main\resources
2015-06-09 11:57:23,866 [Worker-3] WARN  o.e.m.c.i.embedder.EclipseLogger - Using platform encoding (GBK actually) to copy filtered resources, i.e. build is platform dependent!
2015-06-09 11:57:23,867 [Worker-3] INFO  o.e.m.c.i.embedder.EclipseLogger - skip non existing resourceDirectory D:\GithubRep\JavaNinja\firstNinjaProject\src\test\resources
2015-06-09 11:57:49,032 [Worker-9] WARN  o.e.m.c.i.embedder.EclipseLogger - Using platform encoding (GBK actually) to copy filtered resources, i.e. build is platform dependent!
2015-06-09 11:57:49,034 [Worker-9] INFO  o.e.m.c.i.embedder.EclipseLogger - Copying 1 resource
2015-06-09 11:57:49,037 [Worker-9] INFO  o.e.m.c.i.embedder.EclipseLogger - skip non existing resourceDirectory D:\GithubRep\JavaNinja\firstNinjaProject\src\main\resources
2015-06-09 11:57:49,041 [Worker-9] WARN  o.e.m.c.i.embedder.EclipseLogger - Using platform encoding (GBK actually) to copy filtered resources, i.e. build is platform dependent!
2015-06-09 11:57:49,042 [Worker-9] INFO  o.e.m.c.i.embedder.EclipseLogger - skip non existing resourceDirectory D:\GithubRep\JavaNinja\firstNinjaProject\src\test\resources
2015-06-09 11:58:06,572 [Worker-8] WARN  o.e.m.c.i.embedder.EclipseLogger - Using platform encoding (GBK actually) to copy filtered resources, i.e. build is platform dependent!
2015-06-09 11:58:06,574 [Worker-8] INFO  o.e.m.c.i.embedder.EclipseLogger - Copying 1 resource
2015-06-09 11:58:06,575 [Worker-8] INFO  o.e.m.c.i.embedder.EclipseLogger - skip non existing resourceDirectory D:\GithubRep\JavaNinja\firstNinjaProject\src\main\resources
2015-06-09 11:58:06,578 [Worker-8] WARN  o.e.m.c.i.embedder.EclipseLogger - Using platform encoding (GBK actually) to copy filtered resources, i.e. build is platform dependent!
2015-06-09 11:58:06,578 [Worker-8] INFO  o.e.m.c.i.embedder.EclipseLogger - skip non existing resourceDirectory D:\GithubRep\JavaNinja\firstNinjaProject\src\test\resources
2015-06-09 11:58:30,267 [Worker-9] WARN  o.e.m.c.i.embedder.EclipseLogger - Using platform encoding (GBK actually) to copy filtered resources, i.e. build is platform dependent!
2015-06-09 11:58:30,270 [Worker-9] INFO  o.e.m.c.i.embedder.EclipseLogger - Copying 1 resource
2015-06-09 11:58:30,273 [Worker-9] INFO  o.e.m.c.i.embedder.EclipseLogger - skip non existing resourceDirectory D:\GithubRep\JavaNinja\firstNinjaProject\src\main\resources
2015-06-09 11:58:30,275 [Worker-9] WARN  o.e.m.c.i.embedder.EclipseLogger - Using platform encoding (GBK actually) to copy filtered resources, i.e. build is platform dependent!
2015-06-09 11:58:30,276 [Worker-9] INFO  o.e.m.c.i.embedder.EclipseLogger - skip non existing resourceDirectory D:\GithubRep\JavaNinja\firstNinjaProject\src\test\resources
2015-06-09 13:15:10,266 [Worker-11] WARN  o.e.m.c.i.embedder.EclipseLogger - Using platform encoding (GBK actually) to copy filtered resources, i.e. build is platform dependent!
2015-06-09 13:15:10,267 [Worker-11] INFO  o.e.m.c.i.embedder.EclipseLogger - Copying 1 resource
2015-06-09 13:15:10,268 [Worker-11] INFO  o.e.m.c.i.embedder.EclipseLogger - skip non existing resourceDirectory D:\GithubRep\JavaNinja\firstNinjaProject\src\main\resources
2015-06-09 13:15:10,269 [Worker-11] WARN  o.e.m.c.i.embedder.EclipseLogger - Using platform encoding (GBK actually) to copy filtered resources, i.e. build is platform dependent!
2015-06-09 13:15:10,270 [Worker-11] INFO  o.e.m.c.i.embedder.EclipseLogger - skip non existing resourceDirectory D:\GithubRep\JavaNinja\firstNinjaProject\src\test\resources
2015-06-09 13:21:58,961 [Worker-21] WARN  o.e.m.c.i.embedder.EclipseLogger - Using platform encoding (GBK actually) to copy filtered resources, i.e. build is platform dependent!
2015-06-09 13:21:58,964 [Worker-21] INFO  o.e.m.c.i.embedder.EclipseLogger - Copying 1 resource
2015-06-09 13:21:58,966 [Worker-21] INFO  o.e.m.c.i.embedder.EclipseLogger - skip non existing resourceDirectory D:\GithubRep\JavaNinja\firstNinjaProject\src\main\resources
2015-06-09 13:21:58,970 [Worker-21] WARN  o.e.m.c.i.embedder.EclipseLogger - Using platform encoding (GBK actually) to copy filtered resources, i.e. build is platform dependent!
2015-06-09 13:21:58,971 [Worker-21] INFO  o.e.m.c.i.embedder.EclipseLogger - skip non existing resourceDirectory D:\GithubRep\JavaNinja\firstNinjaProject\src\test\resources
2015-06-09 13:23:02,227 [Worker-24] WARN  o.e.m.c.i.embedder.EclipseLogger - Using platform encoding (GBK actually) to copy filtered resources, i.e. build is platform dependent!
2015-06-09 13:23:02,229 [Worker-24] INFO  o.e.m.c.i.embedder.EclipseLogger - Copying 1 resource
2015-06-09 13:23:02,231 [Worker-24] INFO  o.e.m.c.i.embedder.EclipseLogger - skip non existing resourceDirectory D:\GithubRep\JavaNinja\firstNinjaProject\src\main\resources
2015-06-09 13:23:02,234 [Worker-24] WARN  o.e.m.c.i.embedder.EclipseLogger - Using platform encoding (GBK actually) to copy filtered resources, i.e. build is platform dependent!
2015-06-09 13:23:02,235 [Worker-24] INFO  o.e.m.c.i.embedder.EclipseLogger - skip non existing resourceDirectory D:\GithubRep\JavaNinja\firstNinjaProject\src\test\resources
2015-06-09 13:24:54,170 [Worker-23] WARN  o.e.m.c.i.embedder.EclipseLogger - Using platform encoding (GBK actually) to copy filtered resources, i.e. build is platform dependent!
2015-06-09 13:24:54,173 [Worker-23] INFO  o.e.m.c.i.embedder.EclipseLogger - Copying 1 resource
2015-06-09 13:24:54,176 [Worker-23] INFO  o.e.m.c.i.embedder.EclipseLogger - skip non existing resourceDirectory D:\GithubRep\JavaNinja\firstNinjaProject\src\main\resources
2015-06-09 13:24:54,179 [Worker-23] WARN  o.e.m.c.i.embedder.EclipseLogger - Using platform encoding (GBK actually) to copy filtered resources, i.e. build is platform dependent!
2015-06-09 13:24:54,181 [Worker-23] INFO  o.e.m.c.i.embedder.EclipseLogger - skip non existing resourceDirectory D:\GithubRep\JavaNinja\firstNinjaProject\src\test\resources
2015-06-09 13:25:21,589 [Worker-23] WARN  o.e.m.c.i.embedder.EclipseLogger - Using platform encoding (GBK actually) to copy filtered resources, i.e. build is platform dependent!
2015-06-09 13:25:21,591 [Worker-23] INFO  o.e.m.c.i.embedder.EclipseLogger - Copying 1 resource
2015-06-09 13:25:21,594 [Worker-23] INFO  o.e.m.c.i.embedder.EclipseLogger - skip non existing resourceDirectory D:\GithubRep\JavaNinja\firstNinjaProject\src\main\resources
2015-06-09 13:25:21,598 [Worker-23] WARN  o.e.m.c.i.embedder.EclipseLogger - Using platform encoding (GBK actually) to copy filtered resources, i.e. build is platform dependent!
2015-06-09 13:25:21,599 [Worker-23] INFO  o.e.m.c.i.embedder.EclipseLogger - skip non existing resourceDirectory D:\GithubRep\JavaNinja\firstNinjaProject\src\test\resources
2015-06-09 13:25:34,278 [Worker-11] WARN  o.e.m.c.i.embedder.EclipseLogger - Using platform encoding (GBK actually) to copy filtered resources, i.e. build is platform dependent!
2015-06-09 13:25:34,280 [Worker-11] INFO  o.e.m.c.i.embedder.EclipseLogger - Copying 1 resource
2015-06-09 13:25:34,284 [Worker-11] INFO  o.e.m.c.i.embedder.EclipseLogger - skip non existing resourceDirectory D:\GithubRep\JavaNinja\firstNinjaProject\src\main\resources
2015-06-09 13:25:34,288 [Worker-11] WARN  o.e.m.c.i.embedder.EclipseLogger - Using platform encoding (GBK actually) to copy filtered resources, i.e. build is platform dependent!
2015-06-09 13:25:34,290 [Worker-11] INFO  o.e.m.c.i.embedder.EclipseLogger - skip non existing resourceDirectory D:\GithubRep\JavaNinja\firstNinjaProject\src\test\resources
2015-06-09 13:26:02,078 [Worker-21] WARN  o.e.m.c.i.embedder.EclipseLogger - Using platform encoding (GBK actually) to copy filtered resources, i.e. build is platform dependent!
2015-06-09 13:26:02,080 [Worker-21] INFO  o.e.m.c.i.embedder.EclipseLogger - Copying 1 resource
2015-06-09 13:26:02,082 [Worker-21] INFO  o.e.m.c.i.embedder.EclipseLogger - skip non existing resourceDirectory D:\GithubRep\JavaNinja\firstNinjaProject\src\main\resources
2015-06-09 13:26:02,084 [Worker-21] WARN  o.e.m.c.i.embedder.EclipseLogger - Using platform encoding (GBK actually) to copy filtered resources, i.e. build is platform dependent!
2015-06-09 13:26:02,085 [Worker-21] INFO  o.e.m.c.i.embedder.EclipseLogger - skip non existing resourceDirectory D:\GithubRep\JavaNinja\firstNinjaProject\src\test\resources
2015-06-09 13:26:22,336 [Worker-20] WARN  o.e.m.c.i.embedder.EclipseLogger - Using platform encoding (GBK actually) to copy filtered resources, i.e. build is platform dependent!
2015-06-09 13:26:22,338 [Worker-20] INFO  o.e.m.c.i.embedder.EclipseLogger - Copying 1 resource
2015-06-09 13:26:22,341 [Worker-20] INFO  o.e.m.c.i.embedder.EclipseLogger - skip non existing resourceDirectory D:\GithubRep\JavaNinja\firstNinjaProject\src\main\resources
2015-06-09 13:26:22,345 [Worker-20] WARN  o.e.m.c.i.embedder.EclipseLogger - Using platform encoding (GBK actually) to copy filtered resources, i.e. build is platform dependent!
2015-06-09 13:26:22,347 [Worker-20] INFO  o.e.m.c.i.embedder.EclipseLogger - skip non existing resourceDirectory D:\GithubRep\JavaNinja\firstNinjaProject\src\test\resources
2015-06-09 13:26:56,586 [Worker-20] WARN  o.e.m.c.i.embedder.EclipseLogger - Using platform encoding (GBK actually) to copy filtered resources, i.e. build is platform dependent!
2015-06-09 13:26:56,588 [Worker-20] INFO  o.e.m.c.i.embedder.EclipseLogger - Copying 1 resource
2015-06-09 13:26:56,590 [Worker-20] INFO  o.e.m.c.i.embedder.EclipseLogger - skip non existing resourceDirectory D:\GithubRep\JavaNinja\firstNinjaProject\src\main\resources
2015-06-09 13:26:56,593 [Worker-20] WARN  o.e.m.c.i.embedder.EclipseLogger - Using platform encoding (GBK actually) to copy filtered resources, i.e. build is platform dependent!
2015-06-09 13:26:56,594 [Worker-20] INFO  o.e.m.c.i.embedder.EclipseLogger - skip non existing resourceDirectory D:\GithubRep\JavaNinja\firstNinjaProject\src\test\resources
2015-06-09 13:27:40,358 [Worker-11] WARN  o.e.m.c.i.embedder.EclipseLogger - Using platform encoding (GBK actually) to copy filtered resources, i.e. build is platform dependent!
2015-06-09 13:27:40,360 [Worker-11] INFO  o.e.m.c.i.embedder.EclipseLogger - Copying 1 resource
2015-06-09 13:27:40,362 [Worker-11] INFO  o.e.m.c.i.embedder.EclipseLogger - skip non existing resourceDirectory D:\GithubRep\JavaNinja\firstNinjaProject\src\main\resources
2015-06-09 13:27:40,365 [Worker-11] WARN  o.e.m.c.i.embedder.EclipseLogger - Using platform encoding (GBK actually) to copy filtered resources, i.e. build is platform dependent!
2015-06-09 13:27:40,366 [Worker-11] INFO  o.e.m.c.i.embedder.EclipseLogger - skip non existing resourceDirectory D:\GithubRep\JavaNinja\firstNinjaProject\src\test\resources
2015-06-09 13:28:02,716 [Worker-21] WARN  o.e.m.c.i.embedder.EclipseLogger - Using platform encoding (GBK actually) to copy filtered resources, i.e. build is platform dependent!
2015-06-09 13:28:02,718 [Worker-21] INFO  o.e.m.c.i.embedder.EclipseLogger - Copying 1 resource
2015-06-09 13:28:02,721 [Worker-21] INFO  o.e.m.c.i.embedder.EclipseLogger - skip non existing resourceDirectory D:\GithubRep\JavaNinja\firstNinjaProject\src\main\resources
2015-06-09 13:28:02,724 [Worker-21] WARN  o.e.m.c.i.embedder.EclipseLogger - Using platform encoding (GBK actually) to copy filtered resources, i.e. build is platform dependent!
2015-06-09 13:28:02,726 [Worker-21] INFO  o.e.m.c.i.embedder.EclipseLogger - skip non existing resourceDirectory D:\GithubRep\JavaNinja\firstNinjaProject\src\test\resources
2015-06-09 13:28:08,831 [Worker-7] WARN  o.e.m.c.i.embedder.EclipseLogger - Using platform encoding (GBK actually) to copy filtered resources, i.e. build is platform dependent!
2015-06-09 13:28:08,833 [Worker-7] INFO  o.e.m.c.i.embedder.EclipseLogger - Copying 1 resource
2015-06-09 13:28:08,835 [Worker-7] INFO  o.e.m.c.i.embedder.EclipseLogger - skip non existing resourceDirectory D:\GithubRep\JavaNinja\firstNinjaProject\src\main\resources
2015-06-09 13:28:08,837 [Worker-7] WARN  o.e.m.c.i.embedder.EclipseLogger - Using platform encoding (GBK actually) to copy filtered resources, i.e. build is platform dependent!
2015-06-09 13:28:08,838 [Worker-7] INFO  o.e.m.c.i.embedder.EclipseLogger - skip non existing resourceDirectory D:\GithubRep\JavaNinja\firstNinjaProject\src\test\resources
2015-06-09 13:29:46,829 [Worker-21] WARN  o.e.m.c.i.embedder.EclipseLogger - Using platform encoding (GBK actually) to copy filtered resources, i.e. build is platform dependent!
2015-06-09 13:29:46,831 [Worker-21] INFO  o.e.m.c.i.embedder.EclipseLogger - Copying 1 resource
2015-06-09 13:29:46,833 [Worker-21] INFO  o.e.m.c.i.embedder.EclipseLogger - skip non existing resourceDirectory D:\GithubRep\JavaNinja\firstNinjaProject\src\main\resources
2015-06-09 13:29:46,835 [Worker-21] WARN  o.e.m.c.i.embedder.EclipseLogger - Using platform encoding (GBK actually) to copy filtered resources, i.e. build is platform dependent!
2015-06-09 13:29:46,835 [Worker-21] INFO  o.e.m.c.i.embedder.EclipseLogger - skip non existing resourceDirectory D:\GithubRep\JavaNinja\firstNinjaProject\src\test\resources
2015-06-09 13:30:11,285 [Worker-21] WARN  o.e.m.c.i.embedder.EclipseLogger - Using platform encoding (GBK actually) to copy filtered resources, i.e. build is platform dependent!
2015-06-09 13:30:11,287 [Worker-21] INFO  o.e.m.c.i.embedder.EclipseLogger - Copying 1 resource
2015-06-09 13:30:11,289 [Worker-21] INFO  o.e.m.c.i.embedder.EclipseLogger - skip non existing resourceDirectory D:\GithubRep\JavaNinja\firstNinjaProject\src\main\resources
2015-06-09 13:30:11,291 [Worker-21] WARN  o.e.m.c.i.embedder.EclipseLogger - Using platform encoding (GBK actually) to copy filtered resources, i.e. build is platform dependent!
2015-06-09 13:30:11,293 [Worker-21] INFO  o.e.m.c.i.embedder.EclipseLogger - skip non existing resourceDirectory D:\GithubRep\JavaNinja\firstNinjaProject\src\test\resources
2015-06-09 13:32:22,910 [Worker-21] WARN  o.e.m.c.i.embedder.EclipseLogger - Using platform encoding (GBK actually) to copy filtered resources, i.e. build is platform dependent!
2015-06-09 13:32:22,912 [Worker-21] INFO  o.e.m.c.i.embedder.EclipseLogger - Copying 1 resource
2015-06-09 13:32:22,915 [Worker-21] INFO  o.e.m.c.i.embedder.EclipseLogger - skip non existing resourceDirectory D:\GithubRep\JavaNinja\firstNinjaProject\src\main\resources
2015-06-09 13:32:22,918 [Worker-21] WARN  o.e.m.c.i.embedder.EclipseLogger - Using platform encoding (GBK actually) to copy filtered resources, i.e. build is platform dependent!
2015-06-09 13:32:22,920 [Worker-21] INFO  o.e.m.c.i.embedder.EclipseLogger - skip non existing resourceDirectory D:\GithubRep\JavaNinja\firstNinjaProject\src\test\resources
2015-06-09 13:32:32,098 [Worker-20] WARN  o.e.m.c.i.embedder.EclipseLogger - Using platform encoding (GBK actually) to copy filtered resources, i.e. build is platform dependent!
2015-06-09 13:32:32,100 [Worker-20] INFO  o.e.m.c.i.embedder.EclipseLogger - Copying 1 resource
2015-06-09 13:32:32,102 [Worker-20] INFO  o.e.m.c.i.embedder.EclipseLogger - skip non existing resourceDirectory D:\GithubRep\JavaNinja\firstNinjaProject\src\main\resources
2015-06-09 13:32:32,104 [Worker-20] WARN  o.e.m.c.i.embedder.EclipseLogger - Using platform encoding (GBK actually) to copy filtered resources, i.e. build is platform dependent!
2015-06-09 13:32:32,105 [Worker-20] INFO  o.e.m.c.i.embedder.EclipseLogger - skip non existing resourceDirectory D:\GithubRep\JavaNinja\firstNinjaProject\src\test\resources
2015-06-09 13:33:55,309 [Worker-23] WARN  o.e.m.c.i.embedder.EclipseLogger - Using platform encoding (GBK actually) to copy filtered resources, i.e. build is platform dependent!
2015-06-09 13:33:55,312 [Worker-23] INFO  o.e.m.c.i.embedder.EclipseLogger - Copying 1 resource
2015-06-09 13:33:55,316 [Worker-23] INFO  o.e.m.c.i.embedder.EclipseLogger - skip non existing resourceDirectory D:\GithubRep\JavaNinja\firstNinjaProject\src\main\resources
2015-06-09 13:33:55,319 [Worker-23] WARN  o.e.m.c.i.embedder.EclipseLogger - Using platform encoding (GBK actually) to copy filtered resources, i.e. build is platform dependent!
2015-06-09 13:33:55,321 [Worker-23] INFO  o.e.m.c.i.embedder.EclipseLogger - skip non existing resourceDirectory D:\GithubRep\JavaNinja\firstNinjaProject\src\test\resources
2015-06-09 13:34:26,290 [Worker-20] WARN  o.e.m.c.i.embedder.EclipseLogger - Using platform encoding (GBK actually) to copy filtered resources, i.e. build is platform dependent!
2015-06-09 13:34:26,291 [Worker-20] INFO  o.e.m.c.i.embedder.EclipseLogger - Copying 1 resource
2015-06-09 13:34:26,294 [Worker-20] INFO  o.e.m.c.i.embedder.EclipseLogger - skip non existing resourceDirectory D:\GithubRep\JavaNinja\firstNinjaProject\src\main\resources
2015-06-09 13:34:26,296 [Worker-20] WARN  o.e.m.c.i.embedder.EclipseLogger - Using platform encoding (GBK actually) to copy filtered resources, i.e. build is platform dependent!
2015-06-09 13:34:26,297 [Worker-20] INFO  o.e.m.c.i.embedder.EclipseLogger - skip non existing resourceDirectory D:\GithubRep\JavaNinja\firstNinjaProject\src\test\resources
2015-06-09 13:34:53,423 [Worker-28] WARN  o.e.m.c.i.embedder.EclipseLogger - Using platform encoding (GBK actually) to copy filtered resources, i.e. build is platform dependent!
2015-06-09 13:34:53,426 [Worker-28] INFO  o.e.m.c.i.embedder.EclipseLogger - Copying 1 resource
2015-06-09 13:34:53,430 [Worker-28] INFO  o.e.m.c.i.embedder.EclipseLogger - skip non existing resourceDirectory D:\GithubRep\JavaNinja\firstNinjaProject\src\main\resources
2015-06-09 13:34:53,433 [Worker-28] WARN  o.e.m.c.i.embedder.EclipseLogger - Using platform encoding (GBK actually) to copy filtered resources, i.e. build is platform dependent!
2015-06-09 13:34:53,433 [Worker-28] INFO  o.e.m.c.i.embedder.EclipseLogger - skip non existing resourceDirectory D:\GithubRep\JavaNinja\firstNinjaProject\src\test\resources
2015-06-09 13:34:56,023 [Worker-21] WARN  o.e.m.c.i.embedder.EclipseLogger - Using platform encoding (GBK actually) to copy filtered resources, i.e. build is platform dependent!
2015-06-09 13:34:56,025 [Worker-21] INFO  o.e.m.c.i.embedder.EclipseLogger - Copying 1 resource
2015-06-09 13:34:56,027 [Worker-21] INFO  o.e.m.c.i.embedder.EclipseLogger - skip non existing resourceDirectory D:\GithubRep\JavaNinja\firstNinjaProject\src\main\resources
2015-06-09 13:34:56,029 [Worker-21] WARN  o.e.m.c.i.embedder.EclipseLogger - Using platform encoding (GBK actually) to copy filtered resources, i.e. build is platform dependent!
2015-06-09 13:34:56,030 [Worker-21] INFO  o.e.m.c.i.embedder.EclipseLogger - skip non existing resourceDirectory D:\GithubRep\JavaNinja\firstNinjaProject\src\test\resources
2015-06-09 13:35:24,223 [Worker-20] WARN  o.e.m.c.i.embedder.EclipseLogger - Using platform encoding (GBK actually) to copy filtered resources, i.e. build is platform dependent!
2015-06-09 13:35:24,225 [Worker-20] INFO  o.e.m.c.i.embedder.EclipseLogger - Copying 1 resource
2015-06-09 13:35:24,228 [Worker-20] INFO  o.e.m.c.i.embedder.EclipseLogger - skip non existing resourceDirectory D:\GithubRep\JavaNinja\firstNinjaProject\src\main\resources
2015-06-09 13:35:24,231 [Worker-20] WARN  o.e.m.c.i.embedder.EclipseLogger - Using platform encoding (GBK actually) to copy filtered resources, i.e. build is platform dependent!
2015-06-09 13:35:24,232 [Worker-20] INFO  o.e.m.c.i.embedder.EclipseLogger - skip non existing resourceDirectory D:\GithubRep\JavaNinja\firstNinjaProject\src\test\resources
2015-06-09 13:41:46,031 [Worker-28] WARN  o.e.m.c.i.embedder.EclipseLogger - Using platform encoding (GBK actually) to copy filtered resources, i.e. build is platform dependent!
2015-06-09 13:41:46,034 [Worker-28] INFO  o.e.m.c.i.embedder.EclipseLogger - Copying 1 resource
2015-06-09 13:41:46,037 [Worker-28] INFO  o.e.m.c.i.embedder.EclipseLogger - skip non existing resourceDirectory D:\GithubRep\JavaNinja\firstNinjaProject\src\main\resources
2015-06-09 13:41:46,040 [Worker-28] WARN  o.e.m.c.i.embedder.EclipseLogger - Using platform encoding (GBK actually) to copy filtered resources, i.e. build is platform dependent!
2015-06-09 13:41:46,041 [Worker-28] INFO  o.e.m.c.i.embedder.EclipseLogger - skip non existing resourceDirectory D:\GithubRep\JavaNinja\firstNinjaProject\src\test\resources
2015-06-09 17:21:21,814 [Worker-4] INFO  o.e.m.i.launch.MavenLaunchDelegate - D:\GithubRep\JavaNinja\firstNinjaProject
2015-06-09 17:21:21,817 [Worker-4] INFO  o.e.m.i.launch.MavenLaunchDelegate -  mvn -PNinjaRun  -B ninja:run
2015-06-09 17:23:58,165 [Worker-4] WARN  o.e.m.c.i.embedder.EclipseLogger - Using platform encoding (GBK actually) to copy filtered resources, i.e. build is platform dependent!
2015-06-09 17:23:58,180 [Worker-4] INFO  o.e.m.c.i.embedder.EclipseLogger - Copying 14 resources
2015-06-09 17:23:58,187 [Worker-4] INFO  o.e.m.c.i.embedder.EclipseLogger - skip non existing resourceDirectory D:\GithubRep\JavaNinja\firstNinjaProject\src\main\resources
2015-06-09 17:23:58,189 [Worker-4] WARN  o.e.m.c.i.embedder.EclipseLogger - Using platform encoding (GBK actually) to copy filtered resources, i.e. build is platform dependent!
2015-06-09 17:23:58,189 [Worker-4] INFO  o.e.m.c.i.embedder.EclipseLogger - skip non existing resourceDirectory D:\GithubRep\JavaNinja\firstNinjaProject\src\test\resources
2015-06-09 17:24:26,983 [Worker-12] WARN  o.e.m.c.i.embedder.EclipseLogger - Using platform encoding (GBK actually) to copy filtered resources, i.e. build is platform dependent!
2015-06-09 17:24:26,992 [Worker-12] INFO  o.e.m.c.i.embedder.EclipseLogger - Copying 1 resource
2015-06-09 17:24:26,996 [Worker-12] INFO  o.e.m.c.i.embedder.EclipseLogger - skip non existing resourceDirectory D:\GithubRep\JavaNinja\firstNinjaProject\src\main\resources
2015-06-09 17:24:26,999 [Worker-12] WARN  o.e.m.c.i.embedder.EclipseLogger - Using platform encoding (GBK actually) to copy filtered resources, i.e. build is platform dependent!
2015-06-09 17:24:27,000 [Worker-12] INFO  o.e.m.c.i.embedder.EclipseLogger - skip non existing resourceDirectory D:\GithubRep\JavaNinja\firstNinjaProject\src\test\resources
2015-06-09 17:28:21,799 [Worker-3] WARN  o.e.m.c.i.embedder.EclipseLogger - Using platform encoding (GBK actually) to copy filtered resources, i.e. build is platform dependent!
2015-06-09 17:28:21,801 [Worker-3] INFO  o.e.m.c.i.embedder.EclipseLogger - Copying 1 resource
2015-06-09 17:28:21,804 [Worker-3] INFO  o.e.m.c.i.embedder.EclipseLogger - skip non existing resourceDirectory D:\GithubRep\JavaNinja\firstNinjaProject\src\main\resources
2015-06-09 17:28:21,808 [Worker-3] WARN  o.e.m.c.i.embedder.EclipseLogger - Using platform encoding (GBK actually) to copy filtered resources, i.e. build is platform dependent!
2015-06-09 17:28:21,810 [Worker-3] INFO  o.e.m.c.i.embedder.EclipseLogger - skip non existing resourceDirectory D:\GithubRep\JavaNinja\firstNinjaProject\src\test\resources
2015-06-09 17:28:48,155 [Worker-3] WARN  o.e.m.c.i.embedder.EclipseLogger - Using platform encoding (GBK actually) to copy filtered resources, i.e. build is platform dependent!
2015-06-09 17:28:48,156 [Worker-3] INFO  o.e.m.c.i.embedder.EclipseLogger - Copying 1 resource
2015-06-09 17:28:48,157 [Worker-3] INFO  o.e.m.c.i.embedder.EclipseLogger - skip non existing resourceDirectory D:\GithubRep\JavaNinja\firstNinjaProject\src\main\resources
2015-06-09 17:28:48,159 [Worker-3] WARN  o.e.m.c.i.embedder.EclipseLogger - Using platform encoding (GBK actually) to copy filtered resources, i.e. build is platform dependent!
2015-06-09 17:28:48,160 [Worker-3] INFO  o.e.m.c.i.embedder.EclipseLogger - skip non existing resourceDirectory D:\GithubRep\JavaNinja\firstNinjaProject\src\test\resources
2015-06-09 17:29:45,277 [Worker-14] WARN  o.e.m.c.i.embedder.EclipseLogger - Using platform encoding (GBK actually) to copy filtered resources, i.e. build is platform dependent!
2015-06-09 17:29:45,280 [Worker-14] INFO  o.e.m.c.i.embedder.EclipseLogger - Copying 1 resource
2015-06-09 17:29:45,283 [Worker-14] INFO  o.e.m.c.i.embedder.EclipseLogger - skip non existing resourceDirectory D:\GithubRep\JavaNinja\firstNinjaProject\src\main\resources
2015-06-09 17:29:45,286 [Worker-14] WARN  o.e.m.c.i.embedder.EclipseLogger - Using platform encoding (GBK actually) to copy filtered resources, i.e. build is platform dependent!
2015-06-09 17:29:45,287 [Worker-14] INFO  o.e.m.c.i.embedder.EclipseLogger - skip non existing resourceDirectory D:\GithubRep\JavaNinja\firstNinjaProject\src\test\resources
2015-06-09 18:57:16,659 [Worker-24] WARN  o.e.m.c.i.embedder.EclipseLogger - Using platform encoding (GBK actually) to copy filtered resources, i.e. build is platform dependent!
2015-06-09 18:57:16,659 [Worker-24] INFO  o.e.m.c.i.embedder.EclipseLogger - Copying 14 resources
2015-06-09 18:57:16,659 [Worker-24] INFO  o.e.m.c.i.embedder.EclipseLogger - skip non existing resourceDirectory D:\GithubRep\JavaNinja\firstNinjaProject\src\main\resources
2015-06-09 18:57:16,659 [Worker-24] WARN  o.e.m.c.i.embedder.EclipseLogger - Using platform encoding (GBK actually) to copy filtered resources, i.e. build is platform dependent!
2015-06-09 18:57:16,659 [Worker-24] INFO  o.e.m.c.i.embedder.EclipseLogger - skip non existing resourceDirectory D:\GithubRep\JavaNinja\firstNinjaProject\src\test\resources
2015-06-09 18:57:24,167 [Worker-20] WARN  o.e.m.c.i.embedder.EclipseLogger - Using platform encoding (GBK actually) to copy filtered resources, i.e. build is platform dependent!
2015-06-09 18:57:24,167 [Worker-20] INFO  o.e.m.c.i.embedder.EclipseLogger - Copying 1 resource
2015-06-09 18:57:24,167 [Worker-20] INFO  o.e.m.c.i.embedder.EclipseLogger - skip non existing resourceDirectory D:\GithubRep\JavaNinja\firstNinjaProject\src\main\resources
2015-06-09 18:57:24,167 [Worker-20] WARN  o.e.m.c.i.embedder.EclipseLogger - Using platform encoding (GBK actually) to copy filtered resources, i.e. build is platform dependent!
2015-06-09 18:57:24,167 [Worker-20] INFO  o.e.m.c.i.embedder.EclipseLogger - skip non existing resourceDirectory D:\GithubRep\JavaNinja\firstNinjaProject\src\test\resources
2015-06-09 18:58:55,359 [Worker-28] WARN  o.e.m.c.i.embedder.EclipseLogger - Using platform encoding (GBK actually) to copy filtered resources, i.e. build is platform dependent!
2015-06-09 18:58:55,374 [Worker-28] INFO  o.e.m.c.i.embedder.EclipseLogger - Copying 14 resources
2015-06-09 18:58:55,374 [Worker-28] INFO  o.e.m.c.i.embedder.EclipseLogger - skip non existing resourceDirectory D:\GithubRep\JavaNinja\firstNinjaProject\src\main\resources
2015-06-09 18:58:55,374 [Worker-28] WARN  o.e.m.c.i.embedder.EclipseLogger - Using platform encoding (GBK actually) to copy filtered resources, i.e. build is platform dependent!
2015-06-09 18:58:55,374 [Worker-28] INFO  o.e.m.c.i.embedder.EclipseLogger - skip non existing resourceDirectory D:\GithubRep\JavaNinja\firstNinjaProject\src\test\resources
2015-06-09 19:02:18,185 [Worker-28] WARN  o.e.m.c.i.embedder.EclipseLogger - Using platform encoding (GBK actually) to copy filtered resources, i.e. build is platform dependent!
2015-06-09 19:02:18,188 [Worker-28] INFO  o.e.m.c.i.embedder.EclipseLogger - Copying 14 resources
2015-06-09 19:02:18,189 [Worker-28] INFO  o.e.m.c.i.embedder.EclipseLogger - skip non existing resourceDirectory D:\GithubRep\JavaNinja\firstNinjaProject\src\main\resources
2015-06-09 19:02:18,191 [Worker-28] WARN  o.e.m.c.i.embedder.EclipseLogger - Using platform encoding (GBK actually) to copy filtered resources, i.e. build is platform dependent!
2015-06-09 19:02:18,192 [Worker-28] INFO  o.e.m.c.i.embedder.EclipseLogger - skip non existing resourceDirectory D:\GithubRep\JavaNinja\firstNinjaProject\src\test\resources
2015-06-09 19:02:39,456 [Worker-24] WARN  o.e.m.c.i.embedder.EclipseLogger - Using platform encoding (GBK actually) to copy filtered resources, i.e. build is platform dependent!
2015-06-09 19:02:39,456 [Worker-24] INFO  o.e.m.c.i.embedder.EclipseLogger - Copying 14 resources
2015-06-09 19:02:39,456 [Worker-24] INFO  o.e.m.c.i.embedder.EclipseLogger - skip non existing resourceDirectory D:\GithubRep\JavaNinja\firstNinjaProject\src\main\resources
2015-06-09 19:02:39,456 [Worker-24] WARN  o.e.m.c.i.embedder.EclipseLogger - Using platform encoding (GBK actually) to copy filtered resources, i.e. build is platform dependent!
2015-06-09 19:02:39,456 [Worker-24] INFO  o.e.m.c.i.embedder.EclipseLogger - skip non existing resourceDirectory D:\GithubRep\JavaNinja\firstNinjaProject\src\test\resources
2015-06-09 19:03:09,065 [Worker-28] WARN  o.e.m.c.i.embedder.EclipseLogger - Using platform encoding (GBK actually) to copy filtered resources, i.e. build is platform dependent!
2015-06-09 19:03:09,065 [Worker-28] INFO  o.e.m.c.i.embedder.EclipseLogger - Copying 14 resources
2015-06-09 19:03:09,065 [Worker-28] INFO  o.e.m.c.i.embedder.EclipseLogger - skip non existing resourceDirectory D:\GithubRep\JavaNinja\firstNinjaProject\src\main\resources
2015-06-09 19:03:09,065 [Worker-28] WARN  o.e.m.c.i.embedder.EclipseLogger - Using platform encoding (GBK actually) to copy filtered resources, i.e. build is platform dependent!
2015-06-09 19:03:09,065 [Worker-28] INFO  o.e.m.c.i.embedder.EclipseLogger - skip non existing resourceDirectory D:\GithubRep\JavaNinja\firstNinjaProject\src\test\resources
2015-06-09 19:03:13,076 [Worker-20] WARN  o.e.m.c.i.embedder.EclipseLogger - Using platform encoding (GBK actually) to copy filtered resources, i.e. build is platform dependent!
2015-06-09 19:03:13,076 [Worker-20] INFO  o.e.m.c.i.embedder.EclipseLogger - Copying 14 resources
2015-06-09 19:03:13,076 [Worker-20] INFO  o.e.m.c.i.embedder.EclipseLogger - skip non existing resourceDirectory D:\GithubRep\JavaNinja\firstNinjaProject\src\main\resources
2015-06-09 19:03:13,076 [Worker-20] WARN  o.e.m.c.i.embedder.EclipseLogger - Using platform encoding (GBK actually) to copy filtered resources, i.e. build is platform dependent!
2015-06-09 19:03:13,076 [Worker-20] INFO  o.e.m.c.i.embedder.EclipseLogger - skip non existing resourceDirectory D:\GithubRep\JavaNinja\firstNinjaProject\src\test\resources
2015-06-09 19:03:26,670 [Worker-28] WARN  o.e.m.c.i.embedder.EclipseLogger - Using platform encoding (GBK actually) to copy filtered resources, i.e. build is platform dependent!
2015-06-09 19:03:26,670 [Worker-28] INFO  o.e.m.c.i.embedder.EclipseLogger - Copying 14 resources
2015-06-09 19:03:26,670 [Worker-28] INFO  o.e.m.c.i.embedder.EclipseLogger - skip non existing resourceDirectory D:\GithubRep\JavaNinja\firstNinjaProject\src\main\resources
2015-06-09 19:03:26,670 [Worker-28] WARN  o.e.m.c.i.embedder.EclipseLogger - Using platform encoding (GBK actually) to copy filtered resources, i.e. build is platform dependent!
2015-06-09 19:03:26,670 [Worker-28] INFO  o.e.m.c.i.embedder.EclipseLogger - skip non existing resourceDirectory D:\GithubRep\JavaNinja\firstNinjaProject\src\test\resources
2015-06-09 19:03:37,268 [Worker-30] WARN  o.e.m.c.i.embedder.EclipseLogger - Using platform encoding (GBK actually) to copy filtered resources, i.e. build is platform dependent!
2015-06-09 19:03:37,268 [Worker-30] INFO  o.e.m.c.i.embedder.EclipseLogger - Copying 14 resources
2015-06-09 19:03:37,268 [Worker-30] INFO  o.e.m.c.i.embedder.EclipseLogger - skip non existing resourceDirectory D:\GithubRep\JavaNinja\firstNinjaProject\src\main\resources
2015-06-09 19:03:37,268 [Worker-30] WARN  o.e.m.c.i.embedder.EclipseLogger - Using platform encoding (GBK actually) to copy filtered resources, i.e. build is platform dependent!
2015-06-09 19:03:37,268 [Worker-30] INFO  o.e.m.c.i.embedder.EclipseLogger - skip non existing resourceDirectory D:\GithubRep\JavaNinja\firstNinjaProject\src\test\resources
2015-06-09 19:03:56,725 [Worker-24] INFO  o.e.m.i.launch.MavenLaunchDelegate - D:\GithubRep\JavaNinja\firstNinjaProject
2015-06-09 19:03:56,725 [Worker-24] INFO  o.e.m.i.launch.MavenLaunchDelegate -  mvn -PNinjaRun  -B ninja:run
2015-06-09 19:03:56,944 [Worker-28] WARN  o.e.m.c.i.embedder.EclipseLogger - Using platform encoding (GBK actually) to copy filtered resources, i.e. build is platform dependent!
2015-06-09 19:03:56,944 [Worker-28] INFO  o.e.m.c.i.embedder.EclipseLogger - Copying 14 resources
2015-06-09 19:03:56,944 [Worker-28] INFO  o.e.m.c.i.embedder.EclipseLogger - skip non existing resourceDirectory D:\GithubRep\JavaNinja\firstNinjaProject\src\main\resources
2015-06-09 19:03:56,944 [Worker-28] WARN  o.e.m.c.i.embedder.EclipseLogger - Using platform encoding (GBK actually) to copy filtered resources, i.e. build is platform dependent!
2015-06-09 19:03:56,944 [Worker-28] INFO  o.e.m.c.i.embedder.EclipseLogger - skip non existing resourceDirectory D:\GithubRep\JavaNinja\firstNinjaProject\src\test\resources
2015-06-09 19:05:28,576 [Worker-29] WARN  o.e.m.c.i.embedder.EclipseLogger - Using platform encoding (GBK actually) to copy filtered resources, i.e. build is platform dependent!
2015-06-09 19:05:28,592 [Worker-29] INFO  o.e.m.c.i.embedder.EclipseLogger - Copying 14 resources
2015-06-09 19:05:28,592 [Worker-29] INFO  o.e.m.c.i.embedder.EclipseLogger - skip non existing resourceDirectory D:\GithubRep\JavaNinja\firstNinjaProject\src\main\resources
2015-06-09 19:05:28,592 [Worker-29] WARN  o.e.m.c.i.embedder.EclipseLogger - Using platform encoding (GBK actually) to copy filtered resources, i.e. build is platform dependent!
2015-06-09 19:05:28,592 [Worker-29] INFO  o.e.m.c.i.embedder.EclipseLogger - skip non existing resourceDirectory D:\GithubRep\JavaNinja\firstNinjaProject\src\test\resources
2015-06-09 19:05:42,312 [Worker-2] WARN  o.e.m.c.i.embedder.EclipseLogger - Using platform encoding (GBK actually) to copy filtered resources, i.e. build is platform dependent!
2015-06-09 19:05:42,312 [Worker-2] INFO  o.e.m.c.i.embedder.EclipseLogger - Copying 14 resources
2015-06-09 19:05:42,312 [Worker-2] INFO  o.e.m.c.i.embedder.EclipseLogger - skip non existing resourceDirectory D:\GithubRep\JavaNinja\firstNinjaProject\src\main\resources
2015-06-09 19:05:42,312 [Worker-2] WARN  o.e.m.c.i.embedder.EclipseLogger - Using platform encoding (GBK actually) to copy filtered resources, i.e. build is platform dependent!
2015-06-09 19:05:42,312 [Worker-2] INFO  o.e.m.c.i.embedder.EclipseLogger - skip non existing resourceDirectory D:\GithubRep\JavaNinja\firstNinjaProject\src\test\resources
2015-06-09 19:05:43,367 [Worker-32] WARN  o.e.m.c.i.embedder.EclipseLogger - Using platform encoding (GBK actually) to copy filtered resources, i.e. build is platform dependent!
2015-06-09 19:05:43,368 [Worker-32] INFO  o.e.m.c.i.embedder.EclipseLogger - Copying 0 resource
2015-06-09 19:05:43,368 [Worker-32] INFO  o.e.m.c.i.embedder.EclipseLogger - skip non existing resourceDirectory D:\GithubRep\JavaNinja\firstNinjaProject\src\main\resources
2015-06-09 19:05:43,369 [Worker-32] WARN  o.e.m.c.i.embedder.EclipseLogger - Using platform encoding (GBK actually) to copy filtered resources, i.e. build is platform dependent!
2015-06-09 19:05:43,370 [Worker-32] INFO  o.e.m.c.i.embedder.EclipseLogger - skip non existing resourceDirectory D:\GithubRep\JavaNinja\firstNinjaProject\src\test\resources
2015-06-09 19:06:02,911 [Worker-28] WARN  o.e.m.c.i.embedder.EclipseLogger - Using platform encoding (GBK actually) to copy filtered resources, i.e. build is platform dependent!
2015-06-09 19:06:02,911 [Worker-28] INFO  o.e.m.c.i.embedder.EclipseLogger - Copying 14 resources
2015-06-09 19:06:02,926 [Worker-28] INFO  o.e.m.c.i.embedder.EclipseLogger - skip non existing resourceDirectory D:\GithubRep\JavaNinja\firstNinjaProject\src\main\resources
2015-06-09 19:06:02,926 [Worker-28] WARN  o.e.m.c.i.embedder.EclipseLogger - Using platform encoding (GBK actually) to copy filtered resources, i.e. build is platform dependent!
2015-06-09 19:06:02,926 [Worker-28] INFO  o.e.m.c.i.embedder.EclipseLogger - skip non existing resourceDirectory D:\GithubRep\JavaNinja\firstNinjaProject\src\test\resources
2015-06-09 19:06:03,956 [Worker-22] WARN  o.e.m.c.i.embedder.EclipseLogger - Using platform encoding (GBK actually) to copy filtered resources, i.e. build is platform dependent!
2015-06-09 19:06:03,956 [Worker-22] INFO  o.e.m.c.i.embedder.EclipseLogger - Copying 0 resource
2015-06-09 19:06:03,956 [Worker-22] INFO  o.e.m.c.i.embedder.EclipseLogger - skip non existing resourceDirectory D:\GithubRep\JavaNinja\firstNinjaProject\src\main\resources
2015-06-09 19:06:03,956 [Worker-22] WARN  o.e.m.c.i.embedder.EclipseLogger - Using platform encoding (GBK actually) to copy filtered resources, i.e. build is platform dependent!
2015-06-09 19:06:03,956 [Worker-22] INFO  o.e.m.c.i.embedder.EclipseLogger - skip non existing resourceDirectory D:\GithubRep\JavaNinja\firstNinjaProject\src\test\resources
2015-06-09 19:06:07,722 [Worker-2] WARN  o.e.m.c.i.embedder.EclipseLogger - Using platform encoding (GBK actually) to copy filtered resources, i.e. build is platform dependent!
2015-06-09 19:06:07,722 [Worker-2] INFO  o.e.m.c.i.embedder.EclipseLogger - Copying 14 resources
2015-06-09 19:06:07,722 [Worker-2] INFO  o.e.m.c.i.embedder.EclipseLogger - skip non existing resourceDirectory D:\GithubRep\JavaNinja\firstNinjaProject\src\main\resources
2015-06-09 19:06:07,722 [Worker-2] WARN  o.e.m.c.i.embedder.EclipseLogger - Using platform encoding (GBK actually) to copy filtered resources, i.e. build is platform dependent!
2015-06-09 19:06:07,722 [Worker-2] INFO  o.e.m.c.i.embedder.EclipseLogger - skip non existing resourceDirectory D:\GithubRep\JavaNinja\firstNinjaProject\src\test\resources
2015-06-09 19:07:42,652 [Worker-2] WARN  o.e.m.c.i.embedder.EclipseLogger - Using platform encoding (GBK actually) to copy filtered resources, i.e. build is platform dependent!
2015-06-09 19:07:42,652 [Worker-2] INFO  o.e.m.c.i.embedder.EclipseLogger - Copying 1 resource
2015-06-09 19:07:42,652 [Worker-2] INFO  o.e.m.c.i.embedder.EclipseLogger - skip non existing resourceDirectory D:\GithubRep\JavaNinja\firstNinjaProject\src\main\resources
2015-06-09 19:07:42,668 [Worker-2] WARN  o.e.m.c.i.embedder.EclipseLogger - Using platform encoding (GBK actually) to copy filtered resources, i.e. build is platform dependent!
2015-06-09 19:07:42,668 [Worker-2] INFO  o.e.m.c.i.embedder.EclipseLogger - skip non existing resourceDirectory D:\GithubRep\JavaNinja\firstNinjaProject\src\test\resources
2015-06-09 19:07:50,643 [Worker-29] WARN  o.e.m.c.i.embedder.EclipseLogger - Using platform encoding (GBK actually) to copy filtered resources, i.e. build is platform dependent!
2015-06-09 19:07:50,643 [Worker-29] INFO  o.e.m.c.i.embedder.EclipseLogger - Copying 1 resource
2015-06-09 19:07:50,643 [Worker-29] INFO  o.e.m.c.i.embedder.EclipseLogger - skip non existing resourceDirectory D:\GithubRep\JavaNinja\firstNinjaProject\src\main\resources
2015-06-09 19:07:50,643 [Worker-29] WARN  o.e.m.c.i.embedder.EclipseLogger - Using platform encoding (GBK actually) to copy filtered resources, i.e. build is platform dependent!
2015-06-09 19:07:50,643 [Worker-29] INFO  o.e.m.c.i.embedder.EclipseLogger - skip non existing resourceDirectory D:\GithubRep\JavaNinja\firstNinjaProject\src\test\resources
2015-06-09 19:10:43,731 [Worker-30] INFO  o.e.m.i.launch.MavenLaunchDelegate - D:\GithubRep\JavaNinja\firstNinjaProject
2015-06-09 19:10:43,731 [Worker-30] INFO  o.e.m.i.launch.MavenLaunchDelegate -  mvn -PNinjaRun  -B ninja:run
2015-06-09 19:12:18,851 [Worker-31] WARN  o.e.m.c.i.embedder.EclipseLogger - Using platform encoding (GBK actually) to copy filtered resources, i.e. build is platform dependent!
2015-06-09 19:12:18,852 [Worker-31] INFO  o.e.m.c.i.embedder.EclipseLogger - Copying 14 resources
2015-06-09 19:12:18,854 [Worker-31] INFO  o.e.m.c.i.embedder.EclipseLogger - skip non existing resourceDirectory D:\GithubRep\JavaNinja\firstNinjaProject\src\main\resources
2015-06-09 19:12:18,854 [Worker-31] WARN  o.e.m.c.i.embedder.EclipseLogger - Using platform encoding (GBK actually) to copy filtered resources, i.e. build is platform dependent!
2015-06-09 19:12:18,855 [Worker-31] INFO  o.e.m.c.i.embedder.EclipseLogger - skip non existing resourceDirectory D:\GithubRep\JavaNinja\firstNinjaProject\src\test\resources
2015-06-09 19:12:37,161 [Worker-28] WARN  o.e.m.c.i.embedder.EclipseLogger - Using platform encoding (GBK actually) to copy filtered resources, i.e. build is platform dependent!
2015-06-09 19:12:37,163 [Worker-28] INFO  o.e.m.c.i.embedder.EclipseLogger - Copying 14 resources
2015-06-09 19:12:37,165 [Worker-28] INFO  o.e.m.c.i.embedder.EclipseLogger - skip non existing resourceDirectory D:\GithubRep\JavaNinja\firstNinjaProject\src\main\resources
2015-06-09 19:12:37,167 [Worker-28] WARN  o.e.m.c.i.embedder.EclipseLogger - Using platform encoding (GBK actually) to copy filtered resources, i.e. build is platform dependent!
2015-06-09 19:12:37,167 [Worker-28] INFO  o.e.m.c.i.embedder.EclipseLogger - skip non existing resourceDirectory D:\GithubRep\JavaNinja\firstNinjaProject\src\test\resources
2015-06-09 19:12:43,773 [Worker-32] WARN  o.e.m.c.i.embedder.EclipseLogger - Using platform encoding (GBK actually) to copy filtered resources, i.e. build is platform dependent!
2015-06-09 19:12:43,773 [Worker-32] INFO  o.e.m.c.i.embedder.EclipseLogger - Copying 14 resources
2015-06-09 19:12:43,773 [Worker-32] INFO  o.e.m.c.i.embedder.EclipseLogger - skip non existing resourceDirectory D:\GithubRep\JavaNinja\firstNinjaProject\src\main\resources
2015-06-09 19:12:43,773 [Worker-32] WARN  o.e.m.c.i.embedder.EclipseLogger - Using platform encoding (GBK actually) to copy filtered resources, i.e. build is platform dependent!
2015-06-09 19:12:43,773 [Worker-32] INFO  o.e.m.c.i.embedder.EclipseLogger - skip non existing resourceDirectory D:\GithubRep\JavaNinja\firstNinjaProject\src\test\resources
2015-06-09 19:12:56,896 [Worker-32] WARN  o.e.m.c.i.embedder.EclipseLogger - Using platform encoding (GBK actually) to copy filtered resources, i.e. build is platform dependent!
2015-06-09 19:12:56,896 [Worker-32] INFO  o.e.m.c.i.embedder.EclipseLogger - Copying 14 resources
2015-06-09 19:12:56,896 [Worker-32] INFO  o.e.m.c.i.embedder.EclipseLogger - skip non existing resourceDirectory D:\GithubRep\JavaNinja\firstNinjaProject\src\main\resources
2015-06-09 19:12:56,896 [Worker-32] WARN  o.e.m.c.i.embedder.EclipseLogger - Using platform encoding (GBK actually) to copy filtered resources, i.e. build is platform dependent!
2015-06-09 19:12:56,896 [Worker-32] INFO  o.e.m.c.i.embedder.EclipseLogger - skip non existing resourceDirectory D:\GithubRep\JavaNinja\firstNinjaProject\src\test\resources
2015-06-09 19:15:02,658 [Worker-32] WARN  o.e.m.c.i.embedder.EclipseLogger - Using platform encoding (GBK actually) to copy filtered resources, i.e. build is platform dependent!
2015-06-09 19:15:02,658 [Worker-32] INFO  o.e.m.c.i.embedder.EclipseLogger - Copying 14 resources
2015-06-09 19:15:02,673 [Worker-32] INFO  o.e.m.c.i.embedder.EclipseLogger - skip non existing resourceDirectory D:\GithubRep\JavaNinja\firstNinjaProject\src\main\resources
2015-06-09 19:15:02,673 [Worker-32] WARN  o.e.m.c.i.embedder.EclipseLogger - Using platform encoding (GBK actually) to copy filtered resources, i.e. build is platform dependent!
2015-06-09 19:15:02,673 [Worker-32] INFO  o.e.m.c.i.embedder.EclipseLogger - skip non existing resourceDirectory D:\GithubRep\JavaNinja\firstNinjaProject\src\test\resources
2015-06-09 19:15:03,704 [Worker-28] WARN  o.e.m.c.i.embedder.EclipseLogger - Using platform encoding (GBK actually) to copy filtered resources, i.e. build is platform dependent!
2015-06-09 19:15:03,704 [Worker-28] INFO  o.e.m.c.i.embedder.EclipseLogger - Copying 14 resources
2015-06-09 19:15:03,704 [Worker-28] INFO  o.e.m.c.i.embedder.EclipseLogger - skip non existing resourceDirectory D:\GithubRep\JavaNinja\firstNinjaProject\src\main\resources
2015-06-09 19:15:03,704 [Worker-28] WARN  o.e.m.c.i.embedder.EclipseLogger - Using platform encoding (GBK actually) to copy filtered resources, i.e. build is platform dependent!
2015-06-09 19:15:03,704 [Worker-28] INFO  o.e.m.c.i.embedder.EclipseLogger - skip non existing resourceDirectory D:\GithubRep\JavaNinja\firstNinjaProject\src\test\resources
2015-06-09 19:17:32,393 [Worker-24] WARN  o.e.m.c.i.embedder.EclipseLogger - Using platform encoding (GBK actually) to copy filtered resources, i.e. build is platform dependent!
2015-06-09 19:17:32,393 [Worker-24] INFO  o.e.m.c.i.embedder.EclipseLogger - Copying 1 resource
2015-06-09 19:17:32,408 [Worker-24] INFO  o.e.m.c.i.embedder.EclipseLogger - skip non existing resourceDirectory D:\GithubRep\JavaNinja\firstNinjaProject\src\main\resources
2015-06-09 19:17:32,408 [Worker-24] WARN  o.e.m.c.i.embedder.EclipseLogger - Using platform encoding (GBK actually) to copy filtered resources, i.e. build is platform dependent!
2015-06-09 19:17:32,408 [Worker-24] INFO  o.e.m.c.i.embedder.EclipseLogger - skip non existing resourceDirectory D:\GithubRep\JavaNinja\firstNinjaProject\src\test\resources
2015-06-09 19:18:04,412 [Worker-33] WARN  o.e.m.c.i.embedder.EclipseLogger - Using platform encoding (GBK actually) to copy filtered resources, i.e. build is platform dependent!
2015-06-09 19:18:04,428 [Worker-33] INFO  o.e.m.c.i.embedder.EclipseLogger - Copying 15 resources
2015-06-09 19:18:04,428 [Worker-33] INFO  o.e.m.c.i.embedder.EclipseLogger - skip non existing resourceDirectory D:\GithubRep\JavaNinja\firstNinjaProject\src\main\resources
2015-06-09 19:18:04,428 [Worker-33] WARN  o.e.m.c.i.embedder.EclipseLogger - Using platform encoding (GBK actually) to copy filtered resources, i.e. build is platform dependent!
2015-06-09 19:18:04,428 [Worker-33] INFO  o.e.m.c.i.embedder.EclipseLogger - skip non existing resourceDirectory D:\GithubRep\JavaNinja\firstNinjaProject\src\test\resources
2015-06-09 19:18:20,721 [Worker-30] WARN  o.e.m.c.i.embedder.EclipseLogger - Using platform encoding (GBK actually) to copy filtered resources, i.e. build is platform dependent!
2015-06-09 19:18:20,721 [Worker-30] INFO  o.e.m.c.i.embedder.EclipseLogger - Copying 1 resource
2015-06-09 19:18:20,721 [Worker-30] INFO  o.e.m.c.i.embedder.EclipseLogger - skip non existing resourceDirectory D:\GithubRep\JavaNinja\firstNinjaProject\src\main\resources
2015-06-09 19:18:20,737 [Worker-30] WARN  o.e.m.c.i.embedder.EclipseLogger - Using platform encoding (GBK actually) to copy filtered resources, i.e. build is platform dependent!
2015-06-09 19:18:20,737 [Worker-30] INFO  o.e.m.c.i.embedder.EclipseLogger - skip non existing resourceDirectory D:\GithubRep\JavaNinja\firstNinjaProject\src\test\resources
2015-06-09 19:19:27,688 [Worker-20] WARN  o.e.m.c.i.embedder.EclipseLogger - Using platform encoding (GBK actually) to copy filtered resources, i.e. build is platform dependent!
2015-06-09 19:19:27,704 [Worker-20] INFO  o.e.m.c.i.embedder.EclipseLogger - Copying 15 resources
2015-06-09 19:19:27,704 [Worker-20] INFO  o.e.m.c.i.embedder.EclipseLogger - skip non existing resourceDirectory D:\GithubRep\JavaNinja\firstNinjaProject\src\main\resources
2015-06-09 19:19:27,704 [Worker-20] WARN  o.e.m.c.i.embedder.EclipseLogger - Using platform encoding (GBK actually) to copy filtered resources, i.e. build is platform dependent!
2015-06-09 19:19:27,704 [Worker-20] INFO  o.e.m.c.i.embedder.EclipseLogger - skip non existing resourceDirectory D:\GithubRep\JavaNinja\firstNinjaProject\src\test\resources
2015-06-09 19:19:50,017 [Worker-29] WARN  o.e.m.c.i.embedder.EclipseLogger - Using platform encoding (GBK actually) to copy filtered resources, i.e. build is platform dependent!
2015-06-09 19:19:50,017 [Worker-29] INFO  o.e.m.c.i.embedder.EclipseLogger - Copying 15 resources
2015-06-09 19:19:50,017 [Worker-29] INFO  o.e.m.c.i.embedder.EclipseLogger - skip non existing resourceDirectory D:\GithubRep\JavaNinja\firstNinjaProject\src\main\resources
2015-06-09 19:19:50,017 [Worker-29] WARN  o.e.m.c.i.embedder.EclipseLogger - Using platform encoding (GBK actually) to copy filtered resources, i.e. build is platform dependent!
2015-06-09 19:19:50,017 [Worker-29] INFO  o.e.m.c.i.embedder.EclipseLogger - skip non existing resourceDirectory D:\GithubRep\JavaNinja\firstNinjaProject\src\test\resources
2015-06-09 19:20:46,186 [Worker-2] WARN  o.e.m.c.i.embedder.EclipseLogger - Using platform encoding (GBK actually) to copy filtered resources, i.e. build is platform dependent!
2015-06-09 19:20:46,186 [Worker-2] INFO  o.e.m.c.i.embedder.EclipseLogger - Copying 15 resources
2015-06-09 19:20:46,186 [Worker-2] INFO  o.e.m.c.i.embedder.EclipseLogger - skip non existing resourceDirectory D:\GithubRep\JavaNinja\firstNinjaProject\src\main\resources
2015-06-09 19:20:46,186 [Worker-2] WARN  o.e.m.c.i.embedder.EclipseLogger - Using platform encoding (GBK actually) to copy filtered resources, i.e. build is platform dependent!
2015-06-09 19:20:46,186 [Worker-2] INFO  o.e.m.c.i.embedder.EclipseLogger - skip non existing resourceDirectory D:\GithubRep\JavaNinja\firstNinjaProject\src\test\resources
2015-06-09 19:21:15,581 [Worker-29] WARN  o.e.m.c.i.embedder.EclipseLogger - Using platform encoding (GBK actually) to copy filtered resources, i.e. build is platform dependent!
2015-06-09 19:21:15,581 [Worker-29] INFO  o.e.m.c.i.embedder.EclipseLogger - Copying 15 resources
2015-06-09 19:21:15,581 [Worker-29] INFO  o.e.m.c.i.embedder.EclipseLogger - skip non existing resourceDirectory D:\GithubRep\JavaNinja\firstNinjaProject\src\main\resources
2015-06-09 19:21:15,581 [Worker-29] WARN  o.e.m.c.i.embedder.EclipseLogger - Using platform encoding (GBK actually) to copy filtered resources, i.e. build is platform dependent!
2015-06-09 19:21:15,581 [Worker-29] INFO  o.e.m.c.i.embedder.EclipseLogger - skip non existing resourceDirectory D:\GithubRep\JavaNinja\firstNinjaProject\src\test\resources
2015-06-09 19:21:44,006 [Worker-29] WARN  o.e.m.c.i.embedder.EclipseLogger - Using platform encoding (GBK actually) to copy filtered resources, i.e. build is platform dependent!
2015-06-09 19:21:44,006 [Worker-29] INFO  o.e.m.c.i.embedder.EclipseLogger - Copying 15 resources
2015-06-09 19:21:44,022 [Worker-29] INFO  o.e.m.c.i.embedder.EclipseLogger - skip non existing resourceDirectory D:\GithubRep\JavaNinja\firstNinjaProject\src\main\resources
2015-06-09 19:21:44,022 [Worker-29] WARN  o.e.m.c.i.embedder.EclipseLogger - Using platform encoding (GBK actually) to copy filtered resources, i.e. build is platform dependent!
2015-06-09 19:21:44,022 [Worker-29] INFO  o.e.m.c.i.embedder.EclipseLogger - skip non existing resourceDirectory D:\GithubRep\JavaNinja\firstNinjaProject\src\test\resources
2015-06-09 19:22:33,534 [Worker-2] WARN  o.e.m.c.i.embedder.EclipseLogger - Using platform encoding (GBK actually) to copy filtered resources, i.e. build is platform dependent!
2015-06-09 19:22:33,534 [Worker-2] INFO  o.e.m.c.i.embedder.EclipseLogger - Copying 15 resources
2015-06-09 19:22:33,534 [Worker-2] INFO  o.e.m.c.i.embedder.EclipseLogger - skip non existing resourceDirectory D:\GithubRep\JavaNinja\firstNinjaProject\src\main\resources
2015-06-09 19:22:33,534 [Worker-2] WARN  o.e.m.c.i.embedder.EclipseLogger - Using platform encoding (GBK actually) to copy filtered resources, i.e. build is platform dependent!
2015-06-09 19:22:33,534 [Worker-2] INFO  o.e.m.c.i.embedder.EclipseLogger - skip non existing resourceDirectory D:\GithubRep\JavaNinja\firstNinjaProject\src\test\resources
2015-06-09 19:22:56,248 [Worker-24] WARN  o.e.m.c.i.embedder.EclipseLogger - Using platform encoding (GBK actually) to copy filtered resources, i.e. build is platform dependent!
2015-06-09 19:22:56,249 [Worker-24] INFO  o.e.m.c.i.embedder.EclipseLogger - Copying 15 resources
2015-06-09 19:22:56,259 [Worker-24] INFO  o.e.m.c.i.embedder.EclipseLogger - skip non existing resourceDirectory D:\GithubRep\JavaNinja\firstNinjaProject\src\main\resources
2015-06-09 19:22:56,260 [Worker-24] WARN  o.e.m.c.i.embedder.EclipseLogger - Using platform encoding (GBK actually) to copy filtered resources, i.e. build is platform dependent!
2015-06-09 19:22:56,261 [Worker-24] INFO  o.e.m.c.i.embedder.EclipseLogger - skip non existing resourceDirectory D:\GithubRep\JavaNinja\firstNinjaProject\src\test\resources
2015-06-09 19:22:57,320 [Worker-33] WARN  o.e.m.c.i.embedder.EclipseLogger - Using platform encoding (GBK actually) to copy filtered resources, i.e. build is platform dependent!
2015-06-09 19:22:57,322 [Worker-33] INFO  o.e.m.c.i.embedder.EclipseLogger - Copying 15 resources
2015-06-09 19:22:57,331 [Worker-33] INFO  o.e.m.c.i.embedder.EclipseLogger - skip non existing resourceDirectory D:\GithubRep\JavaNinja\firstNinjaProject\src\main\resources
2015-06-09 19:22:57,333 [Worker-33] WARN  o.e.m.c.i.embedder.EclipseLogger - Using platform encoding (GBK actually) to copy filtered resources, i.e. build is platform dependent!
2015-06-09 19:22:57,333 [Worker-33] INFO  o.e.m.c.i.embedder.EclipseLogger - skip non existing resourceDirectory D:\GithubRep\JavaNinja\firstNinjaProject\src\test\resources
